[2023-04-14 17:08:04,182] {taskinstance.py:1159} INFO - Dependencies all met for <TaskInstance: af_foods.transform manual__2023-04-14T17:07:38.565445+00:00 [queued]>
[2023-04-14 17:08:04,186] {taskinstance.py:1159} INFO - Dependencies all met for <TaskInstance: af_foods.transform manual__2023-04-14T17:07:38.565445+00:00 [queued]>
[2023-04-14 17:08:04,187] {taskinstance.py:1356} INFO - 
--------------------------------------------------------------------------------
[2023-04-14 17:08:04,187] {taskinstance.py:1357} INFO - Starting attempt 1 of 2
[2023-04-14 17:08:04,188] {taskinstance.py:1358} INFO - 
--------------------------------------------------------------------------------
[2023-04-14 17:08:04,194] {taskinstance.py:1377} INFO - Executing <Task(_PythonDecoratedOperator): transform> on 2023-04-14 17:07:38.565445+00:00
[2023-04-14 17:08:04,198] {standard_task_runner.py:52} INFO - Started process 224 to run task
[2023-04-14 17:08:04,201] {standard_task_runner.py:79} INFO - Running: ['***', 'tasks', 'run', 'af_foods', 'transform', 'manual__2023-04-14T17:07:38.565445+00:00', '--job-id', '3', '--raw', '--subdir', 'DAGS_FOLDER/af_foods.py', '--cfg-path', '/tmp/tmpz89fpjyb', '--error-file', '/tmp/tmpt052vgj5']
[2023-04-14 17:08:04,201] {standard_task_runner.py:80} INFO - Job 3: Subtask transform
[2023-04-14 17:08:04,238] {task_command.py:369} INFO - Running <TaskInstance: af_foods.transform manual__2023-04-14T17:07:38.565445+00:00 [running]> on host 6bd3a00fe694
[2023-04-14 17:08:05,344] {taskinstance.py:1571} INFO - Exporting the following env vars:
AIRFLOW_CTX_DAG_OWNER=me
AIRFLOW_CTX_DAG_ID=af_foods
AIRFLOW_CTX_TASK_ID=transform
AIRFLOW_CTX_EXECUTION_DATE=2023-04-14T17:07:38.565445+00:00
AIRFLOW_CTX_TRY_NUMBER=1
AIRFLOW_CTX_DAG_RUN_ID=manual__2023-04-14T17:07:38.565445+00:00
[2023-04-14 17:08:36,771] {local_task_job.py:156} INFO - Task exited with return code Negsignal.SIGKILL
[2023-04-14 17:08:36,932] {taskinstance.py:1400} INFO - Marking task as UP_FOR_RETRY. dag_id=af_foods, task_id=transform, execution_date=20230414T170738, start_date=20230414T170804, end_date=20230414T170836
[2023-04-14 17:08:37,041] {local_task_job.py:273} INFO - 0 downstream tasks scheduled from follow-on schedule check
