[2023-04-25 17:41:06,972] {processor.py:153} INFO - Started process (PID=183) to work on /opt/airflow/dags/af_foods.py
[2023-04-25 17:41:06,972] {processor.py:641} INFO - Processing file /opt/airflow/dags/af_foods.py for tasks to queue
[2023-04-25 17:41:06,973] {logging_mixin.py:115} INFO - [2023-04-25 17:41:06,973] {dagbag.py:507} INFO - Filling up the DagBag from /opt/airflow/dags/af_foods.py
[2023-04-25 17:41:07,421] {processor.py:651} INFO - DAG(s) dict_keys(['af_foods']) retrieved from /opt/airflow/dags/af_foods.py
[2023-04-25 17:41:07,474] {logging_mixin.py:115} INFO - [2023-04-25 17:41:07,474] {dag.py:2371} INFO - Sync 1 DAGs
[2023-04-25 17:41:07,490] {logging_mixin.py:115} INFO - [2023-04-25 17:41:07,490] {dag.py:2919} INFO - Setting next_dagrun for af_foods to None, run_after=None
[2023-04-25 17:41:07,499] {processor.py:161} INFO - Processing /opt/airflow/dags/af_foods.py took 0.531 seconds
[2023-04-25 17:41:37,721] {processor.py:153} INFO - Started process (PID=189) to work on /opt/airflow/dags/af_foods.py
[2023-04-25 17:41:37,724] {processor.py:641} INFO - Processing file /opt/airflow/dags/af_foods.py for tasks to queue
[2023-04-25 17:41:37,725] {logging_mixin.py:115} INFO - [2023-04-25 17:41:37,725] {dagbag.py:507} INFO - Filling up the DagBag from /opt/airflow/dags/af_foods.py
[2023-04-25 17:41:38,222] {processor.py:651} INFO - DAG(s) dict_keys(['af_foods']) retrieved from /opt/airflow/dags/af_foods.py
[2023-04-25 17:41:38,275] {logging_mixin.py:115} INFO - [2023-04-25 17:41:38,275] {dag.py:2371} INFO - Sync 1 DAGs
[2023-04-25 17:41:38,290] {logging_mixin.py:115} INFO - [2023-04-25 17:41:38,290] {dag.py:2919} INFO - Setting next_dagrun for af_foods to None, run_after=None
[2023-04-25 17:41:38,302] {processor.py:161} INFO - Processing /opt/airflow/dags/af_foods.py took 0.587 seconds
[2023-04-25 17:42:08,501] {processor.py:153} INFO - Started process (PID=195) to work on /opt/airflow/dags/af_foods.py
[2023-04-25 17:42:08,503] {processor.py:641} INFO - Processing file /opt/airflow/dags/af_foods.py for tasks to queue
[2023-04-25 17:42:08,504] {logging_mixin.py:115} INFO - [2023-04-25 17:42:08,504] {dagbag.py:507} INFO - Filling up the DagBag from /opt/airflow/dags/af_foods.py
[2023-04-25 17:42:09,066] {processor.py:651} INFO - DAG(s) dict_keys(['af_foods']) retrieved from /opt/airflow/dags/af_foods.py
[2023-04-25 17:42:09,138] {logging_mixin.py:115} INFO - [2023-04-25 17:42:09,137] {dag.py:2371} INFO - Sync 1 DAGs
[2023-04-25 17:42:09,181] {logging_mixin.py:115} INFO - [2023-04-25 17:42:09,180] {dag.py:2919} INFO - Setting next_dagrun for af_foods to None, run_after=None
[2023-04-25 17:42:09,199] {processor.py:161} INFO - Processing /opt/airflow/dags/af_foods.py took 0.705 seconds
[2023-04-25 17:42:39,438] {processor.py:153} INFO - Started process (PID=201) to work on /opt/airflow/dags/af_foods.py
[2023-04-25 17:42:39,440] {processor.py:641} INFO - Processing file /opt/airflow/dags/af_foods.py for tasks to queue
[2023-04-25 17:42:39,441] {logging_mixin.py:115} INFO - [2023-04-25 17:42:39,441] {dagbag.py:507} INFO - Filling up the DagBag from /opt/airflow/dags/af_foods.py
[2023-04-25 17:42:39,922] {processor.py:651} INFO - DAG(s) dict_keys(['af_foods']) retrieved from /opt/airflow/dags/af_foods.py
[2023-04-25 17:42:39,972] {logging_mixin.py:115} INFO - [2023-04-25 17:42:39,971] {dag.py:2371} INFO - Sync 1 DAGs
[2023-04-25 17:42:39,989] {logging_mixin.py:115} INFO - [2023-04-25 17:42:39,989] {dag.py:2919} INFO - Setting next_dagrun for af_foods to None, run_after=None
[2023-04-25 17:42:39,999] {processor.py:161} INFO - Processing /opt/airflow/dags/af_foods.py took 0.567 seconds
[2023-04-25 17:43:10,194] {processor.py:153} INFO - Started process (PID=207) to work on /opt/airflow/dags/af_foods.py
[2023-04-25 17:43:10,195] {processor.py:641} INFO - Processing file /opt/airflow/dags/af_foods.py for tasks to queue
[2023-04-25 17:43:10,197] {logging_mixin.py:115} INFO - [2023-04-25 17:43:10,197] {dagbag.py:507} INFO - Filling up the DagBag from /opt/airflow/dags/af_foods.py
[2023-04-25 17:43:10,647] {processor.py:651} INFO - DAG(s) dict_keys(['af_foods']) retrieved from /opt/airflow/dags/af_foods.py
[2023-04-25 17:43:10,696] {logging_mixin.py:115} INFO - [2023-04-25 17:43:10,696] {dag.py:2371} INFO - Sync 1 DAGs
[2023-04-25 17:43:10,710] {logging_mixin.py:115} INFO - [2023-04-25 17:43:10,710] {dag.py:2919} INFO - Setting next_dagrun for af_foods to None, run_after=None
[2023-04-25 17:43:10,719] {processor.py:161} INFO - Processing /opt/airflow/dags/af_foods.py took 0.531 seconds
[2023-04-25 17:43:40,950] {processor.py:153} INFO - Started process (PID=213) to work on /opt/airflow/dags/af_foods.py
[2023-04-25 17:43:40,952] {processor.py:641} INFO - Processing file /opt/airflow/dags/af_foods.py for tasks to queue
[2023-04-25 17:43:40,954] {logging_mixin.py:115} INFO - [2023-04-25 17:43:40,953] {dagbag.py:507} INFO - Filling up the DagBag from /opt/airflow/dags/af_foods.py
[2023-04-25 17:43:41,249] {processor.py:651} INFO - DAG(s) dict_keys(['af_foods']) retrieved from /opt/airflow/dags/af_foods.py
[2023-04-25 17:43:41,294] {logging_mixin.py:115} INFO - [2023-04-25 17:43:41,294] {dag.py:2371} INFO - Sync 1 DAGs
[2023-04-25 17:43:41,308] {logging_mixin.py:115} INFO - [2023-04-25 17:43:41,308] {dag.py:2919} INFO - Setting next_dagrun for af_foods to None, run_after=None
[2023-04-25 17:43:41,318] {processor.py:161} INFO - Processing /opt/airflow/dags/af_foods.py took 0.373 seconds
[2023-04-25 17:44:11,547] {processor.py:153} INFO - Started process (PID=219) to work on /opt/airflow/dags/af_foods.py
[2023-04-25 17:44:11,549] {processor.py:641} INFO - Processing file /opt/airflow/dags/af_foods.py for tasks to queue
[2023-04-25 17:44:11,550] {logging_mixin.py:115} INFO - [2023-04-25 17:44:11,550] {dagbag.py:507} INFO - Filling up the DagBag from /opt/airflow/dags/af_foods.py
[2023-04-25 17:44:11,983] {processor.py:651} INFO - DAG(s) dict_keys(['af_foods']) retrieved from /opt/airflow/dags/af_foods.py
[2023-04-25 17:44:12,033] {logging_mixin.py:115} INFO - [2023-04-25 17:44:12,033] {dag.py:2371} INFO - Sync 1 DAGs
[2023-04-25 17:44:12,048] {logging_mixin.py:115} INFO - [2023-04-25 17:44:12,048] {dag.py:2919} INFO - Setting next_dagrun for af_foods to None, run_after=None
[2023-04-25 17:44:12,058] {processor.py:161} INFO - Processing /opt/airflow/dags/af_foods.py took 0.517 seconds
[2023-04-25 17:44:42,294] {processor.py:153} INFO - Started process (PID=225) to work on /opt/airflow/dags/af_foods.py
[2023-04-25 17:44:42,297] {processor.py:641} INFO - Processing file /opt/airflow/dags/af_foods.py for tasks to queue
[2023-04-25 17:44:42,298] {logging_mixin.py:115} INFO - [2023-04-25 17:44:42,298] {dagbag.py:507} INFO - Filling up the DagBag from /opt/airflow/dags/af_foods.py
[2023-04-25 17:44:42,806] {processor.py:651} INFO - DAG(s) dict_keys(['af_foods']) retrieved from /opt/airflow/dags/af_foods.py
[2023-04-25 17:44:42,861] {logging_mixin.py:115} INFO - [2023-04-25 17:44:42,860] {dag.py:2371} INFO - Sync 1 DAGs
[2023-04-25 17:44:42,877] {logging_mixin.py:115} INFO - [2023-04-25 17:44:42,877] {dag.py:2919} INFO - Setting next_dagrun for af_foods to None, run_after=None
[2023-04-25 17:44:42,887] {processor.py:161} INFO - Processing /opt/airflow/dags/af_foods.py took 0.599 seconds
[2023-04-25 17:45:13,124] {processor.py:153} INFO - Started process (PID=231) to work on /opt/airflow/dags/af_foods.py
[2023-04-25 17:45:13,127] {processor.py:641} INFO - Processing file /opt/airflow/dags/af_foods.py for tasks to queue
[2023-04-25 17:45:13,129] {logging_mixin.py:115} INFO - [2023-04-25 17:45:13,129] {dagbag.py:507} INFO - Filling up the DagBag from /opt/airflow/dags/af_foods.py
[2023-04-25 17:45:13,668] {processor.py:651} INFO - DAG(s) dict_keys(['af_foods']) retrieved from /opt/airflow/dags/af_foods.py
[2023-04-25 17:45:13,723] {logging_mixin.py:115} INFO - [2023-04-25 17:45:13,723] {dag.py:2371} INFO - Sync 1 DAGs
[2023-04-25 17:45:13,740] {logging_mixin.py:115} INFO - [2023-04-25 17:45:13,740] {dag.py:2919} INFO - Setting next_dagrun for af_foods to None, run_after=None
[2023-04-25 17:45:13,750] {processor.py:161} INFO - Processing /opt/airflow/dags/af_foods.py took 0.632 seconds
[2023-04-25 17:45:43,961] {processor.py:153} INFO - Started process (PID=237) to work on /opt/airflow/dags/af_foods.py
[2023-04-25 17:45:43,963] {processor.py:641} INFO - Processing file /opt/airflow/dags/af_foods.py for tasks to queue
[2023-04-25 17:45:43,964] {logging_mixin.py:115} INFO - [2023-04-25 17:45:43,964] {dagbag.py:507} INFO - Filling up the DagBag from /opt/airflow/dags/af_foods.py
[2023-04-25 17:45:44,248] {processor.py:651} INFO - DAG(s) dict_keys(['af_foods']) retrieved from /opt/airflow/dags/af_foods.py
[2023-04-25 17:45:44,293] {logging_mixin.py:115} INFO - [2023-04-25 17:45:44,293] {dag.py:2371} INFO - Sync 1 DAGs
[2023-04-25 17:45:44,307] {logging_mixin.py:115} INFO - [2023-04-25 17:45:44,307] {dag.py:2919} INFO - Setting next_dagrun for af_foods to None, run_after=None
[2023-04-25 17:45:44,315] {processor.py:161} INFO - Processing /opt/airflow/dags/af_foods.py took 0.359 seconds
[2023-04-25 17:46:14,546] {processor.py:153} INFO - Started process (PID=243) to work on /opt/airflow/dags/af_foods.py
[2023-04-25 17:46:14,548] {processor.py:641} INFO - Processing file /opt/airflow/dags/af_foods.py for tasks to queue
[2023-04-25 17:46:14,550] {logging_mixin.py:115} INFO - [2023-04-25 17:46:14,550] {dagbag.py:507} INFO - Filling up the DagBag from /opt/airflow/dags/af_foods.py
[2023-04-25 17:46:14,974] {processor.py:651} INFO - DAG(s) dict_keys(['af_foods']) retrieved from /opt/airflow/dags/af_foods.py
[2023-04-25 17:46:15,019] {logging_mixin.py:115} INFO - [2023-04-25 17:46:15,019] {dag.py:2371} INFO - Sync 1 DAGs
[2023-04-25 17:46:15,033] {logging_mixin.py:115} INFO - [2023-04-25 17:46:15,033] {dag.py:2919} INFO - Setting next_dagrun for af_foods to None, run_after=None
[2023-04-25 17:46:15,043] {processor.py:161} INFO - Processing /opt/airflow/dags/af_foods.py took 0.503 seconds
[2023-04-25 17:46:45,252] {processor.py:153} INFO - Started process (PID=255) to work on /opt/airflow/dags/af_foods.py
[2023-04-25 17:46:45,254] {processor.py:641} INFO - Processing file /opt/airflow/dags/af_foods.py for tasks to queue
[2023-04-25 17:46:45,256] {logging_mixin.py:115} INFO - [2023-04-25 17:46:45,256] {dagbag.py:507} INFO - Filling up the DagBag from /opt/airflow/dags/af_foods.py
[2023-04-25 17:46:45,674] {processor.py:651} INFO - DAG(s) dict_keys(['af_foods']) retrieved from /opt/airflow/dags/af_foods.py
[2023-04-25 17:46:45,722] {logging_mixin.py:115} INFO - [2023-04-25 17:46:45,722] {dag.py:2371} INFO - Sync 1 DAGs
[2023-04-25 17:46:45,736] {logging_mixin.py:115} INFO - [2023-04-25 17:46:45,736] {dag.py:2919} INFO - Setting next_dagrun for af_foods to None, run_after=None
[2023-04-25 17:46:45,746] {processor.py:161} INFO - Processing /opt/airflow/dags/af_foods.py took 0.501 seconds
[2023-04-25 17:47:15,861] {processor.py:153} INFO - Started process (PID=261) to work on /opt/airflow/dags/af_foods.py
[2023-04-25 17:47:15,863] {processor.py:641} INFO - Processing file /opt/airflow/dags/af_foods.py for tasks to queue
[2023-04-25 17:47:15,865] {logging_mixin.py:115} INFO - [2023-04-25 17:47:15,864] {dagbag.py:507} INFO - Filling up the DagBag from /opt/airflow/dags/af_foods.py
[2023-04-25 17:47:16,215] {processor.py:651} INFO - DAG(s) dict_keys(['af_foods']) retrieved from /opt/airflow/dags/af_foods.py
[2023-04-25 17:47:16,265] {logging_mixin.py:115} INFO - [2023-04-25 17:47:16,265] {dag.py:2371} INFO - Sync 1 DAGs
[2023-04-25 17:47:16,279] {logging_mixin.py:115} INFO - [2023-04-25 17:47:16,279] {dag.py:2919} INFO - Setting next_dagrun for af_foods to None, run_after=None
[2023-04-25 17:47:16,288] {processor.py:161} INFO - Processing /opt/airflow/dags/af_foods.py took 0.433 seconds
[2023-04-25 17:47:46,516] {processor.py:153} INFO - Started process (PID=267) to work on /opt/airflow/dags/af_foods.py
[2023-04-25 17:47:46,519] {processor.py:641} INFO - Processing file /opt/airflow/dags/af_foods.py for tasks to queue
[2023-04-25 17:47:46,520] {logging_mixin.py:115} INFO - [2023-04-25 17:47:46,520] {dagbag.py:507} INFO - Filling up the DagBag from /opt/airflow/dags/af_foods.py
[2023-04-25 17:47:47,034] {processor.py:651} INFO - DAG(s) dict_keys(['af_foods']) retrieved from /opt/airflow/dags/af_foods.py
[2023-04-25 17:47:47,099] {logging_mixin.py:115} INFO - [2023-04-25 17:47:47,099] {dag.py:2371} INFO - Sync 1 DAGs
[2023-04-25 17:47:47,115] {logging_mixin.py:115} INFO - [2023-04-25 17:47:47,115] {dag.py:2919} INFO - Setting next_dagrun for af_foods to None, run_after=None
[2023-04-25 17:47:47,126] {processor.py:161} INFO - Processing /opt/airflow/dags/af_foods.py took 0.619 seconds
[2023-04-25 17:48:17,224] {processor.py:153} INFO - Started process (PID=273) to work on /opt/airflow/dags/af_foods.py
[2023-04-25 17:48:17,226] {processor.py:641} INFO - Processing file /opt/airflow/dags/af_foods.py for tasks to queue
[2023-04-25 17:48:17,227] {logging_mixin.py:115} INFO - [2023-04-25 17:48:17,227] {dagbag.py:507} INFO - Filling up the DagBag from /opt/airflow/dags/af_foods.py
[2023-04-25 17:48:17,716] {processor.py:651} INFO - DAG(s) dict_keys(['af_foods']) retrieved from /opt/airflow/dags/af_foods.py
[2023-04-25 17:48:17,771] {logging_mixin.py:115} INFO - [2023-04-25 17:48:17,771] {dag.py:2371} INFO - Sync 1 DAGs
[2023-04-25 17:48:17,794] {logging_mixin.py:115} INFO - [2023-04-25 17:48:17,794] {dag.py:2919} INFO - Setting next_dagrun for af_foods to None, run_after=None
[2023-04-25 17:48:17,804] {processor.py:161} INFO - Processing /opt/airflow/dags/af_foods.py took 0.590 seconds
[2023-04-25 17:48:48,062] {processor.py:153} INFO - Started process (PID=279) to work on /opt/airflow/dags/af_foods.py
[2023-04-25 17:48:48,064] {processor.py:641} INFO - Processing file /opt/airflow/dags/af_foods.py for tasks to queue
[2023-04-25 17:48:48,065] {logging_mixin.py:115} INFO - [2023-04-25 17:48:48,065] {dagbag.py:507} INFO - Filling up the DagBag from /opt/airflow/dags/af_foods.py
[2023-04-25 17:48:48,532] {processor.py:651} INFO - DAG(s) dict_keys(['af_foods']) retrieved from /opt/airflow/dags/af_foods.py
[2023-04-25 17:48:48,582] {logging_mixin.py:115} INFO - [2023-04-25 17:48:48,581] {dag.py:2371} INFO - Sync 1 DAGs
[2023-04-25 17:48:48,597] {logging_mixin.py:115} INFO - [2023-04-25 17:48:48,597] {dag.py:2919} INFO - Setting next_dagrun for af_foods to None, run_after=None
[2023-04-25 17:48:48,607] {processor.py:161} INFO - Processing /opt/airflow/dags/af_foods.py took 0.552 seconds
[2023-04-25 17:49:18,839] {processor.py:153} INFO - Started process (PID=285) to work on /opt/airflow/dags/af_foods.py
[2023-04-25 17:49:18,841] {processor.py:641} INFO - Processing file /opt/airflow/dags/af_foods.py for tasks to queue
[2023-04-25 17:49:18,842] {logging_mixin.py:115} INFO - [2023-04-25 17:49:18,842] {dagbag.py:507} INFO - Filling up the DagBag from /opt/airflow/dags/af_foods.py
[2023-04-25 17:49:19,333] {processor.py:651} INFO - DAG(s) dict_keys(['af_foods']) retrieved from /opt/airflow/dags/af_foods.py
[2023-04-25 17:49:19,384] {logging_mixin.py:115} INFO - [2023-04-25 17:49:19,384] {dag.py:2371} INFO - Sync 1 DAGs
[2023-04-25 17:49:19,399] {logging_mixin.py:115} INFO - [2023-04-25 17:49:19,399] {dag.py:2919} INFO - Setting next_dagrun for af_foods to None, run_after=None
[2023-04-25 17:49:19,408] {processor.py:161} INFO - Processing /opt/airflow/dags/af_foods.py took 0.575 seconds
[2023-04-25 17:49:49,641] {processor.py:153} INFO - Started process (PID=291) to work on /opt/airflow/dags/af_foods.py
[2023-04-25 17:49:49,643] {processor.py:641} INFO - Processing file /opt/airflow/dags/af_foods.py for tasks to queue
[2023-04-25 17:49:49,644] {logging_mixin.py:115} INFO - [2023-04-25 17:49:49,644] {dagbag.py:507} INFO - Filling up the DagBag from /opt/airflow/dags/af_foods.py
[2023-04-25 17:49:49,962] {processor.py:651} INFO - DAG(s) dict_keys(['af_foods']) retrieved from /opt/airflow/dags/af_foods.py
[2023-04-25 17:49:50,015] {logging_mixin.py:115} INFO - [2023-04-25 17:49:50,015] {dag.py:2371} INFO - Sync 1 DAGs
[2023-04-25 17:49:50,030] {logging_mixin.py:115} INFO - [2023-04-25 17:49:50,030] {dag.py:2919} INFO - Setting next_dagrun for af_foods to None, run_after=None
[2023-04-25 17:49:50,039] {processor.py:161} INFO - Processing /opt/airflow/dags/af_foods.py took 0.406 seconds
[2023-04-25 17:50:20,206] {processor.py:153} INFO - Started process (PID=297) to work on /opt/airflow/dags/af_foods.py
[2023-04-25 17:50:20,209] {processor.py:641} INFO - Processing file /opt/airflow/dags/af_foods.py for tasks to queue
[2023-04-25 17:50:20,210] {logging_mixin.py:115} INFO - [2023-04-25 17:50:20,210] {dagbag.py:507} INFO - Filling up the DagBag from /opt/airflow/dags/af_foods.py
[2023-04-25 17:50:20,685] {processor.py:651} INFO - DAG(s) dict_keys(['af_foods']) retrieved from /opt/airflow/dags/af_foods.py
[2023-04-25 17:50:20,739] {logging_mixin.py:115} INFO - [2023-04-25 17:50:20,738] {dag.py:2371} INFO - Sync 1 DAGs
[2023-04-25 17:50:20,754] {logging_mixin.py:115} INFO - [2023-04-25 17:50:20,753] {dag.py:2919} INFO - Setting next_dagrun for af_foods to None, run_after=None
[2023-04-25 17:50:20,762] {processor.py:161} INFO - Processing /opt/airflow/dags/af_foods.py took 0.563 seconds
[2023-04-25 17:50:51,017] {processor.py:153} INFO - Started process (PID=303) to work on /opt/airflow/dags/af_foods.py
[2023-04-25 17:50:51,019] {processor.py:641} INFO - Processing file /opt/airflow/dags/af_foods.py for tasks to queue
[2023-04-25 17:50:51,021] {logging_mixin.py:115} INFO - [2023-04-25 17:50:51,021] {dagbag.py:507} INFO - Filling up the DagBag from /opt/airflow/dags/af_foods.py
[2023-04-25 17:50:51,519] {processor.py:651} INFO - DAG(s) dict_keys(['af_foods']) retrieved from /opt/airflow/dags/af_foods.py
[2023-04-25 17:50:51,574] {logging_mixin.py:115} INFO - [2023-04-25 17:50:51,574] {dag.py:2371} INFO - Sync 1 DAGs
[2023-04-25 17:50:51,600] {logging_mixin.py:115} INFO - [2023-04-25 17:50:51,600] {dag.py:2919} INFO - Setting next_dagrun for af_foods to None, run_after=None
[2023-04-25 17:50:51,610] {processor.py:161} INFO - Processing /opt/airflow/dags/af_foods.py took 0.601 seconds
[2023-04-25 17:51:21,849] {processor.py:153} INFO - Started process (PID=309) to work on /opt/airflow/dags/af_foods.py
[2023-04-25 17:51:21,851] {processor.py:641} INFO - Processing file /opt/airflow/dags/af_foods.py for tasks to queue
[2023-04-25 17:51:21,852] {logging_mixin.py:115} INFO - [2023-04-25 17:51:21,852] {dagbag.py:507} INFO - Filling up the DagBag from /opt/airflow/dags/af_foods.py
[2023-04-25 17:51:22,233] {processor.py:651} INFO - DAG(s) dict_keys(['af_foods']) retrieved from /opt/airflow/dags/af_foods.py
[2023-04-25 17:51:22,279] {logging_mixin.py:115} INFO - [2023-04-25 17:51:22,278] {dag.py:2371} INFO - Sync 1 DAGs
[2023-04-25 17:51:22,293] {logging_mixin.py:115} INFO - [2023-04-25 17:51:22,293] {dag.py:2919} INFO - Setting next_dagrun for af_foods to None, run_after=None
[2023-04-25 17:51:22,302] {processor.py:161} INFO - Processing /opt/airflow/dags/af_foods.py took 0.462 seconds
[2023-04-25 17:51:52,537] {processor.py:153} INFO - Started process (PID=315) to work on /opt/airflow/dags/af_foods.py
[2023-04-25 17:51:52,540] {processor.py:641} INFO - Processing file /opt/airflow/dags/af_foods.py for tasks to queue
[2023-04-25 17:51:52,541] {logging_mixin.py:115} INFO - [2023-04-25 17:51:52,541] {dagbag.py:507} INFO - Filling up the DagBag from /opt/airflow/dags/af_foods.py
[2023-04-25 17:51:53,001] {processor.py:651} INFO - DAG(s) dict_keys(['af_foods']) retrieved from /opt/airflow/dags/af_foods.py
[2023-04-25 17:51:53,057] {logging_mixin.py:115} INFO - [2023-04-25 17:51:53,057] {dag.py:2371} INFO - Sync 1 DAGs
[2023-04-25 17:51:53,074] {logging_mixin.py:115} INFO - [2023-04-25 17:51:53,074] {dag.py:2919} INFO - Setting next_dagrun for af_foods to None, run_after=None
[2023-04-25 17:51:53,083] {processor.py:161} INFO - Processing /opt/airflow/dags/af_foods.py took 0.557 seconds
[2023-04-25 17:52:23,220] {processor.py:153} INFO - Started process (PID=321) to work on /opt/airflow/dags/af_foods.py
[2023-04-25 17:52:23,221] {processor.py:641} INFO - Processing file /opt/airflow/dags/af_foods.py for tasks to queue
[2023-04-25 17:52:23,223] {logging_mixin.py:115} INFO - [2023-04-25 17:52:23,223] {dagbag.py:507} INFO - Filling up the DagBag from /opt/airflow/dags/af_foods.py
[2023-04-25 17:52:23,706] {processor.py:651} INFO - DAG(s) dict_keys(['af_foods']) retrieved from /opt/airflow/dags/af_foods.py
[2023-04-25 17:52:23,766] {logging_mixin.py:115} INFO - [2023-04-25 17:52:23,766] {dag.py:2371} INFO - Sync 1 DAGs
[2023-04-25 17:52:23,790] {logging_mixin.py:115} INFO - [2023-04-25 17:52:23,790] {dag.py:2919} INFO - Setting next_dagrun for af_foods to None, run_after=None
[2023-04-25 17:52:23,800] {processor.py:161} INFO - Processing /opt/airflow/dags/af_foods.py took 0.589 seconds
[2023-04-25 17:52:54,022] {processor.py:153} INFO - Started process (PID=327) to work on /opt/airflow/dags/af_foods.py
[2023-04-25 17:52:54,024] {processor.py:641} INFO - Processing file /opt/airflow/dags/af_foods.py for tasks to queue
[2023-04-25 17:52:54,025] {logging_mixin.py:115} INFO - [2023-04-25 17:52:54,025] {dagbag.py:507} INFO - Filling up the DagBag from /opt/airflow/dags/af_foods.py
[2023-04-25 17:52:54,512] {processor.py:651} INFO - DAG(s) dict_keys(['af_foods']) retrieved from /opt/airflow/dags/af_foods.py
[2023-04-25 17:52:54,566] {logging_mixin.py:115} INFO - [2023-04-25 17:52:54,566] {dag.py:2371} INFO - Sync 1 DAGs
[2023-04-25 17:52:54,581] {logging_mixin.py:115} INFO - [2023-04-25 17:52:54,581] {dag.py:2919} INFO - Setting next_dagrun for af_foods to None, run_after=None
[2023-04-25 17:52:54,590] {processor.py:161} INFO - Processing /opt/airflow/dags/af_foods.py took 0.576 seconds
[2023-04-25 17:53:24,809] {processor.py:153} INFO - Started process (PID=333) to work on /opt/airflow/dags/af_foods.py
[2023-04-25 17:53:24,812] {processor.py:641} INFO - Processing file /opt/airflow/dags/af_foods.py for tasks to queue
[2023-04-25 17:53:24,813] {logging_mixin.py:115} INFO - [2023-04-25 17:53:24,813] {dagbag.py:507} INFO - Filling up the DagBag from /opt/airflow/dags/af_foods.py
[2023-04-25 17:53:25,198] {processor.py:651} INFO - DAG(s) dict_keys(['af_foods']) retrieved from /opt/airflow/dags/af_foods.py
[2023-04-25 17:53:25,250] {logging_mixin.py:115} INFO - [2023-04-25 17:53:25,249] {dag.py:2371} INFO - Sync 1 DAGs
[2023-04-25 17:53:25,265] {logging_mixin.py:115} INFO - [2023-04-25 17:53:25,265] {dag.py:2919} INFO - Setting next_dagrun for af_foods to None, run_after=None
[2023-04-25 17:53:25,274] {processor.py:161} INFO - Processing /opt/airflow/dags/af_foods.py took 0.472 seconds
[2023-04-25 17:53:55,500] {processor.py:153} INFO - Started process (PID=339) to work on /opt/airflow/dags/af_foods.py
[2023-04-25 17:53:55,503] {processor.py:641} INFO - Processing file /opt/airflow/dags/af_foods.py for tasks to queue
[2023-04-25 17:53:55,504] {logging_mixin.py:115} INFO - [2023-04-25 17:53:55,504] {dagbag.py:507} INFO - Filling up the DagBag from /opt/airflow/dags/af_foods.py
[2023-04-25 17:53:55,851] {processor.py:651} INFO - DAG(s) dict_keys(['af_foods']) retrieved from /opt/airflow/dags/af_foods.py
[2023-04-25 17:53:55,898] {logging_mixin.py:115} INFO - [2023-04-25 17:53:55,898] {dag.py:2371} INFO - Sync 1 DAGs
[2023-04-25 17:53:55,912] {logging_mixin.py:115} INFO - [2023-04-25 17:53:55,912] {dag.py:2919} INFO - Setting next_dagrun for af_foods to None, run_after=None
[2023-04-25 17:53:55,921] {processor.py:161} INFO - Processing /opt/airflow/dags/af_foods.py took 0.431 seconds
[2023-04-25 17:54:26,167] {processor.py:153} INFO - Started process (PID=345) to work on /opt/airflow/dags/af_foods.py
[2023-04-25 17:54:26,169] {processor.py:641} INFO - Processing file /opt/airflow/dags/af_foods.py for tasks to queue
[2023-04-25 17:54:26,170] {logging_mixin.py:115} INFO - [2023-04-25 17:54:26,170] {dagbag.py:507} INFO - Filling up the DagBag from /opt/airflow/dags/af_foods.py
[2023-04-25 17:54:26,643] {processor.py:651} INFO - DAG(s) dict_keys(['af_foods']) retrieved from /opt/airflow/dags/af_foods.py
[2023-04-25 17:54:26,697] {logging_mixin.py:115} INFO - [2023-04-25 17:54:26,697] {dag.py:2371} INFO - Sync 1 DAGs
[2023-04-25 17:54:26,714] {logging_mixin.py:115} INFO - [2023-04-25 17:54:26,714] {dag.py:2919} INFO - Setting next_dagrun for af_foods to None, run_after=None
[2023-04-25 17:54:26,724] {processor.py:161} INFO - Processing /opt/airflow/dags/af_foods.py took 0.567 seconds
[2023-04-25 17:54:56,822] {processor.py:153} INFO - Started process (PID=351) to work on /opt/airflow/dags/af_foods.py
[2023-04-25 17:54:56,825] {processor.py:641} INFO - Processing file /opt/airflow/dags/af_foods.py for tasks to queue
[2023-04-25 17:54:56,826] {logging_mixin.py:115} INFO - [2023-04-25 17:54:56,826] {dagbag.py:507} INFO - Filling up the DagBag from /opt/airflow/dags/af_foods.py
[2023-04-25 17:54:57,220] {processor.py:651} INFO - DAG(s) dict_keys(['af_foods']) retrieved from /opt/airflow/dags/af_foods.py
[2023-04-25 17:54:57,269] {logging_mixin.py:115} INFO - [2023-04-25 17:54:57,268] {dag.py:2371} INFO - Sync 1 DAGs
[2023-04-25 17:54:57,283] {logging_mixin.py:115} INFO - [2023-04-25 17:54:57,283] {dag.py:2919} INFO - Setting next_dagrun for af_foods to None, run_after=None
[2023-04-25 17:54:57,292] {processor.py:161} INFO - Processing /opt/airflow/dags/af_foods.py took 0.479 seconds
[2023-04-25 17:55:27,801] {processor.py:153} INFO - Started process (PID=357) to work on /opt/airflow/dags/af_foods.py
[2023-04-25 17:55:27,804] {processor.py:641} INFO - Processing file /opt/airflow/dags/af_foods.py for tasks to queue
[2023-04-25 17:55:27,806] {logging_mixin.py:115} INFO - [2023-04-25 17:55:27,806] {dagbag.py:507} INFO - Filling up the DagBag from /opt/airflow/dags/af_foods.py
[2023-04-25 17:55:28,316] {processor.py:651} INFO - DAG(s) dict_keys(['af_foods']) retrieved from /opt/airflow/dags/af_foods.py
[2023-04-25 17:55:28,342] {logging_mixin.py:115} INFO - [2023-04-25 17:55:28,341] {dag.py:2371} INFO - Sync 1 DAGs
[2023-04-25 17:55:28,358] {logging_mixin.py:115} INFO - [2023-04-25 17:55:28,358] {dag.py:2919} INFO - Setting next_dagrun for af_foods to None, run_after=None
[2023-04-25 17:55:28,366] {processor.py:161} INFO - Processing /opt/airflow/dags/af_foods.py took 0.578 seconds
[2023-04-25 18:19:37,674] {processor.py:153} INFO - Started process (PID=363) to work on /opt/airflow/dags/af_foods.py
[2023-04-25 18:19:37,676] {processor.py:641} INFO - Processing file /opt/airflow/dags/af_foods.py for tasks to queue
[2023-04-25 18:19:37,677] {logging_mixin.py:115} INFO - [2023-04-25 18:19:37,677] {dagbag.py:507} INFO - Filling up the DagBag from /opt/airflow/dags/af_foods.py
[2023-04-25 18:19:38,247] {processor.py:651} INFO - DAG(s) dict_keys(['af_foods']) retrieved from /opt/airflow/dags/af_foods.py
[2023-04-25 18:19:38,344] {logging_mixin.py:115} INFO - [2023-04-25 18:19:38,343] {dag.py:2371} INFO - Sync 1 DAGs
[2023-04-25 18:19:38,365] {logging_mixin.py:115} INFO - [2023-04-25 18:19:38,364] {dag.py:2919} INFO - Setting next_dagrun for af_foods to None, run_after=None
[2023-04-25 18:19:38,382] {processor.py:161} INFO - Processing /opt/airflow/dags/af_foods.py took 0.716 seconds
