[2023-04-17 15:44:59,229] {taskinstance.py:1159} INFO - Dependencies all met for <TaskInstance: af_foods.transform manual__2023-04-17T15:44:24.937024+00:00 [queued]>
[2023-04-17 15:44:59,233] {taskinstance.py:1159} INFO - Dependencies all met for <TaskInstance: af_foods.transform manual__2023-04-17T15:44:24.937024+00:00 [queued]>
[2023-04-17 15:44:59,234] {taskinstance.py:1356} INFO - 
--------------------------------------------------------------------------------
[2023-04-17 15:44:59,234] {taskinstance.py:1357} INFO - Starting attempt 1 of 2
[2023-04-17 15:44:59,234] {taskinstance.py:1358} INFO - 
--------------------------------------------------------------------------------
[2023-04-17 15:44:59,244] {taskinstance.py:1377} INFO - Executing <Task(_PythonDecoratedOperator): transform> on 2023-04-17 15:44:24.937024+00:00
[2023-04-17 15:44:59,248] {standard_task_runner.py:52} INFO - Started process 212 to run task
[2023-04-17 15:44:59,251] {standard_task_runner.py:79} INFO - Running: ['***', 'tasks', 'run', 'af_foods', 'transform', 'manual__2023-04-17T15:44:24.937024+00:00', '--job-id', '6', '--raw', '--subdir', 'DAGS_FOLDER/af_foods.py', '--cfg-path', '/tmp/tmphed69n8i', '--error-file', '/tmp/tmpkc0rughb']
[2023-04-17 15:44:59,252] {standard_task_runner.py:80} INFO - Job 6: Subtask transform
[2023-04-17 15:44:59,291] {task_command.py:369} INFO - Running <TaskInstance: af_foods.transform manual__2023-04-17T15:44:24.937024+00:00 [running]> on host b016b1d76fa3
[2023-04-17 15:45:00,385] {taskinstance.py:1571} INFO - Exporting the following env vars:
AIRFLOW_CTX_DAG_OWNER=me
AIRFLOW_CTX_DAG_ID=af_foods
AIRFLOW_CTX_TASK_ID=transform
AIRFLOW_CTX_EXECUTION_DATE=2023-04-17T15:44:24.937024+00:00
AIRFLOW_CTX_TRY_NUMBER=1
AIRFLOW_CTX_DAG_RUN_ID=manual__2023-04-17T15:44:24.937024+00:00
[2023-04-17 15:45:29,078] {logging_mixin.py:115} INFO - Foods df created.
[2023-04-17 15:45:32,220] {local_task_job.py:156} INFO - Task exited with return code Negsignal.SIGKILL
[2023-04-17 15:45:32,304] {taskinstance.py:1400} INFO - Marking task as UP_FOR_RETRY. dag_id=af_foods, task_id=transform, execution_date=20230417T154424, start_date=20230417T154459, end_date=20230417T154532
[2023-04-17 15:45:32,412] {local_task_job.py:273} INFO - 0 downstream tasks scheduled from follow-on schedule check
