[2023-04-14 17:42:57,166] {taskinstance.py:1159} INFO - Dependencies all met for <TaskInstance: af_foods.transform manual__2023-04-14T17:42:32.328764+00:00 [queued]>
[2023-04-14 17:42:57,171] {taskinstance.py:1159} INFO - Dependencies all met for <TaskInstance: af_foods.transform manual__2023-04-14T17:42:32.328764+00:00 [queued]>
[2023-04-14 17:42:57,172] {taskinstance.py:1356} INFO - 
--------------------------------------------------------------------------------
[2023-04-14 17:42:57,172] {taskinstance.py:1357} INFO - Starting attempt 1 of 2
[2023-04-14 17:42:57,172] {taskinstance.py:1358} INFO - 
--------------------------------------------------------------------------------
[2023-04-14 17:42:57,179] {taskinstance.py:1377} INFO - Executing <Task(_PythonDecoratedOperator): transform> on 2023-04-14 17:42:32.328764+00:00
[2023-04-14 17:42:57,182] {standard_task_runner.py:52} INFO - Started process 206 to run task
[2023-04-14 17:42:57,185] {standard_task_runner.py:79} INFO - Running: ['***', 'tasks', 'run', 'af_foods', 'transform', 'manual__2023-04-14T17:42:32.328764+00:00', '--job-id', '3', '--raw', '--subdir', 'DAGS_FOLDER/af_foods.py', '--cfg-path', '/tmp/tmp_ecnid97', '--error-file', '/tmp/tmp3p83k39c']
[2023-04-14 17:42:57,186] {standard_task_runner.py:80} INFO - Job 3: Subtask transform
[2023-04-14 17:42:57,228] {task_command.py:369} INFO - Running <TaskInstance: af_foods.transform manual__2023-04-14T17:42:32.328764+00:00 [running]> on host b7ffb1bc0ba2
[2023-04-14 17:42:58,350] {taskinstance.py:1571} INFO - Exporting the following env vars:
AIRFLOW_CTX_DAG_OWNER=me
AIRFLOW_CTX_DAG_ID=af_foods
AIRFLOW_CTX_TASK_ID=transform
AIRFLOW_CTX_EXECUTION_DATE=2023-04-14T17:42:32.328764+00:00
AIRFLOW_CTX_TRY_NUMBER=1
AIRFLOW_CTX_DAG_RUN_ID=manual__2023-04-14T17:42:32.328764+00:00
[2023-04-14 17:43:29,725] {local_task_job.py:156} INFO - Task exited with return code Negsignal.SIGKILL
[2023-04-14 17:43:29,844] {taskinstance.py:1400} INFO - Marking task as UP_FOR_RETRY. dag_id=af_foods, task_id=transform, execution_date=20230414T174232, start_date=20230414T174257, end_date=20230414T174329
[2023-04-14 17:43:29,952] {local_task_job.py:273} INFO - 0 downstream tasks scheduled from follow-on schedule check
