[2023-04-14 16:32:51,617] {processor.py:153} INFO - Started process (PID=183) to work on /opt/airflow/dags/af_foods.py
[2023-04-14 16:32:51,618] {processor.py:641} INFO - Processing file /opt/airflow/dags/af_foods.py for tasks to queue
[2023-04-14 16:32:51,620] {logging_mixin.py:115} INFO - [2023-04-14 16:32:51,620] {dagbag.py:507} INFO - Filling up the DagBag from /opt/airflow/dags/af_foods.py
[2023-04-14 16:32:51,978] {processor.py:651} INFO - DAG(s) dict_keys(['af_foods']) retrieved from /opt/airflow/dags/af_foods.py
[2023-04-14 16:32:52,060] {logging_mixin.py:115} INFO - [2023-04-14 16:32:52,060] {manager.py:508} INFO - Created Permission View: can edit on DAG:af_foods
[2023-04-14 16:32:52,066] {logging_mixin.py:115} INFO - [2023-04-14 16:32:52,066] {manager.py:508} INFO - Created Permission View: can delete on DAG:af_foods
[2023-04-14 16:32:52,070] {logging_mixin.py:115} INFO - [2023-04-14 16:32:52,070] {manager.py:508} INFO - Created Permission View: can read on DAG:af_foods
[2023-04-14 16:32:52,071] {logging_mixin.py:115} INFO - [2023-04-14 16:32:52,071] {dag.py:2371} INFO - Sync 1 DAGs
[2023-04-14 16:32:52,077] {logging_mixin.py:115} INFO - [2023-04-14 16:32:52,077] {dag.py:2390} INFO - Creating ORM DAG for af_foods
[2023-04-14 16:32:52,084] {logging_mixin.py:115} INFO - [2023-04-14 16:32:52,084] {dag.py:2919} INFO - Setting next_dagrun for af_foods to None, run_after=None
[2023-04-14 16:32:52,094] {processor.py:161} INFO - Processing /opt/airflow/dags/af_foods.py took 0.483 seconds
[2023-04-14 16:33:22,331] {processor.py:153} INFO - Started process (PID=189) to work on /opt/airflow/dags/af_foods.py
[2023-04-14 16:33:22,332] {processor.py:641} INFO - Processing file /opt/airflow/dags/af_foods.py for tasks to queue
[2023-04-14 16:33:22,334] {logging_mixin.py:115} INFO - [2023-04-14 16:33:22,334] {dagbag.py:507} INFO - Filling up the DagBag from /opt/airflow/dags/af_foods.py
[2023-04-14 16:33:22,674] {processor.py:651} INFO - DAG(s) dict_keys(['af_foods']) retrieved from /opt/airflow/dags/af_foods.py
[2023-04-14 16:33:22,689] {logging_mixin.py:115} INFO - [2023-04-14 16:33:22,689] {dag.py:2371} INFO - Sync 1 DAGs
[2023-04-14 16:33:22,699] {logging_mixin.py:115} INFO - [2023-04-14 16:33:22,699] {dag.py:2919} INFO - Setting next_dagrun for af_foods to None, run_after=None
[2023-04-14 16:33:22,705] {processor.py:161} INFO - Processing /opt/airflow/dags/af_foods.py took 0.383 seconds
[2023-04-14 16:33:52,892] {processor.py:153} INFO - Started process (PID=195) to work on /opt/airflow/dags/af_foods.py
[2023-04-14 16:33:52,894] {processor.py:641} INFO - Processing file /opt/airflow/dags/af_foods.py for tasks to queue
[2023-04-14 16:33:52,895] {logging_mixin.py:115} INFO - [2023-04-14 16:33:52,895] {dagbag.py:507} INFO - Filling up the DagBag from /opt/airflow/dags/af_foods.py
[2023-04-14 16:33:53,100] {processor.py:651} INFO - DAG(s) dict_keys(['af_foods']) retrieved from /opt/airflow/dags/af_foods.py
[2023-04-14 16:33:53,113] {logging_mixin.py:115} INFO - [2023-04-14 16:33:53,113] {dag.py:2371} INFO - Sync 1 DAGs
[2023-04-14 16:33:53,122] {logging_mixin.py:115} INFO - [2023-04-14 16:33:53,122] {dag.py:2919} INFO - Setting next_dagrun for af_foods to None, run_after=None
[2023-04-14 16:33:53,127] {processor.py:161} INFO - Processing /opt/airflow/dags/af_foods.py took 0.240 seconds
[2023-04-14 16:34:23,331] {processor.py:153} INFO - Started process (PID=201) to work on /opt/airflow/dags/af_foods.py
[2023-04-14 16:34:23,332] {processor.py:641} INFO - Processing file /opt/airflow/dags/af_foods.py for tasks to queue
[2023-04-14 16:34:23,334] {logging_mixin.py:115} INFO - [2023-04-14 16:34:23,334] {dagbag.py:507} INFO - Filling up the DagBag from /opt/airflow/dags/af_foods.py
[2023-04-14 16:34:23,547] {processor.py:651} INFO - DAG(s) dict_keys(['af_foods']) retrieved from /opt/airflow/dags/af_foods.py
[2023-04-14 16:34:23,560] {logging_mixin.py:115} INFO - [2023-04-14 16:34:23,559] {dag.py:2371} INFO - Sync 1 DAGs
[2023-04-14 16:34:23,569] {logging_mixin.py:115} INFO - [2023-04-14 16:34:23,568] {dag.py:2919} INFO - Setting next_dagrun for af_foods to None, run_after=None
[2023-04-14 16:34:23,574] {processor.py:161} INFO - Processing /opt/airflow/dags/af_foods.py took 0.251 seconds
[2023-04-14 16:34:53,753] {processor.py:153} INFO - Started process (PID=207) to work on /opt/airflow/dags/af_foods.py
[2023-04-14 16:34:53,755] {processor.py:641} INFO - Processing file /opt/airflow/dags/af_foods.py for tasks to queue
[2023-04-14 16:34:53,757] {logging_mixin.py:115} INFO - [2023-04-14 16:34:53,757] {dagbag.py:507} INFO - Filling up the DagBag from /opt/airflow/dags/af_foods.py
[2023-04-14 16:34:54,006] {processor.py:651} INFO - DAG(s) dict_keys(['af_foods']) retrieved from /opt/airflow/dags/af_foods.py
[2023-04-14 16:34:54,020] {logging_mixin.py:115} INFO - [2023-04-14 16:34:54,020] {dag.py:2371} INFO - Sync 1 DAGs
[2023-04-14 16:34:54,029] {logging_mixin.py:115} INFO - [2023-04-14 16:34:54,029] {dag.py:2919} INFO - Setting next_dagrun for af_foods to None, run_after=None
[2023-04-14 16:34:54,035] {processor.py:161} INFO - Processing /opt/airflow/dags/af_foods.py took 0.288 seconds
[2023-04-14 16:35:24,225] {processor.py:153} INFO - Started process (PID=213) to work on /opt/airflow/dags/af_foods.py
[2023-04-14 16:35:24,228] {processor.py:641} INFO - Processing file /opt/airflow/dags/af_foods.py for tasks to queue
[2023-04-14 16:35:24,229] {logging_mixin.py:115} INFO - [2023-04-14 16:35:24,229] {dagbag.py:507} INFO - Filling up the DagBag from /opt/airflow/dags/af_foods.py
[2023-04-14 16:35:24,429] {processor.py:651} INFO - DAG(s) dict_keys(['af_foods']) retrieved from /opt/airflow/dags/af_foods.py
[2023-04-14 16:35:24,441] {logging_mixin.py:115} INFO - [2023-04-14 16:35:24,441] {dag.py:2371} INFO - Sync 1 DAGs
[2023-04-14 16:35:24,451] {logging_mixin.py:115} INFO - [2023-04-14 16:35:24,451] {dag.py:2919} INFO - Setting next_dagrun for af_foods to None, run_after=None
[2023-04-14 16:35:24,457] {processor.py:161} INFO - Processing /opt/airflow/dags/af_foods.py took 0.236 seconds
[2023-04-14 16:35:54,630] {processor.py:153} INFO - Started process (PID=219) to work on /opt/airflow/dags/af_foods.py
[2023-04-14 16:35:54,631] {processor.py:641} INFO - Processing file /opt/airflow/dags/af_foods.py for tasks to queue
[2023-04-14 16:35:54,632] {logging_mixin.py:115} INFO - [2023-04-14 16:35:54,632] {dagbag.py:507} INFO - Filling up the DagBag from /opt/airflow/dags/af_foods.py
[2023-04-14 16:35:54,859] {processor.py:651} INFO - DAG(s) dict_keys(['af_foods']) retrieved from /opt/airflow/dags/af_foods.py
[2023-04-14 16:35:54,872] {logging_mixin.py:115} INFO - [2023-04-14 16:35:54,872] {dag.py:2371} INFO - Sync 1 DAGs
[2023-04-14 16:35:54,881] {logging_mixin.py:115} INFO - [2023-04-14 16:35:54,881] {dag.py:2919} INFO - Setting next_dagrun for af_foods to None, run_after=None
[2023-04-14 16:35:54,887] {processor.py:161} INFO - Processing /opt/airflow/dags/af_foods.py took 0.260 seconds
[2023-04-14 16:36:25,032] {processor.py:153} INFO - Started process (PID=225) to work on /opt/airflow/dags/af_foods.py
[2023-04-14 16:36:25,033] {processor.py:641} INFO - Processing file /opt/airflow/dags/af_foods.py for tasks to queue
[2023-04-14 16:36:25,034] {logging_mixin.py:115} INFO - [2023-04-14 16:36:25,034] {dagbag.py:507} INFO - Filling up the DagBag from /opt/airflow/dags/af_foods.py
[2023-04-14 16:36:25,244] {processor.py:651} INFO - DAG(s) dict_keys(['af_foods']) retrieved from /opt/airflow/dags/af_foods.py
[2023-04-14 16:36:25,257] {logging_mixin.py:115} INFO - [2023-04-14 16:36:25,257] {dag.py:2371} INFO - Sync 1 DAGs
[2023-04-14 16:36:25,266] {logging_mixin.py:115} INFO - [2023-04-14 16:36:25,266] {dag.py:2919} INFO - Setting next_dagrun for af_foods to None, run_after=None
[2023-04-14 16:36:25,271] {processor.py:161} INFO - Processing /opt/airflow/dags/af_foods.py took 0.243 seconds
[2023-04-14 16:36:55,454] {processor.py:153} INFO - Started process (PID=231) to work on /opt/airflow/dags/af_foods.py
[2023-04-14 16:36:55,456] {processor.py:641} INFO - Processing file /opt/airflow/dags/af_foods.py for tasks to queue
[2023-04-14 16:36:55,457] {logging_mixin.py:115} INFO - [2023-04-14 16:36:55,457] {dagbag.py:507} INFO - Filling up the DagBag from /opt/airflow/dags/af_foods.py
[2023-04-14 16:36:55,667] {processor.py:651} INFO - DAG(s) dict_keys(['af_foods']) retrieved from /opt/airflow/dags/af_foods.py
[2023-04-14 16:36:55,682] {logging_mixin.py:115} INFO - [2023-04-14 16:36:55,682] {dag.py:2371} INFO - Sync 1 DAGs
[2023-04-14 16:36:55,692] {logging_mixin.py:115} INFO - [2023-04-14 16:36:55,692] {dag.py:2919} INFO - Setting next_dagrun for af_foods to None, run_after=None
[2023-04-14 16:36:55,697] {processor.py:161} INFO - Processing /opt/airflow/dags/af_foods.py took 0.247 seconds
[2023-04-14 16:37:25,870] {processor.py:153} INFO - Started process (PID=237) to work on /opt/airflow/dags/af_foods.py
[2023-04-14 16:37:25,873] {processor.py:641} INFO - Processing file /opt/airflow/dags/af_foods.py for tasks to queue
[2023-04-14 16:37:25,874] {logging_mixin.py:115} INFO - [2023-04-14 16:37:25,874] {dagbag.py:507} INFO - Filling up the DagBag from /opt/airflow/dags/af_foods.py
[2023-04-14 16:37:26,199] {processor.py:651} INFO - DAG(s) dict_keys(['af_foods']) retrieved from /opt/airflow/dags/af_foods.py
[2023-04-14 16:37:26,215] {logging_mixin.py:115} INFO - [2023-04-14 16:37:26,214] {dag.py:2371} INFO - Sync 1 DAGs
[2023-04-14 16:37:26,225] {logging_mixin.py:115} INFO - [2023-04-14 16:37:26,225] {dag.py:2919} INFO - Setting next_dagrun for af_foods to None, run_after=None
[2023-04-14 16:37:26,230] {processor.py:161} INFO - Processing /opt/airflow/dags/af_foods.py took 0.366 seconds
[2023-04-14 16:37:56,414] {processor.py:153} INFO - Started process (PID=246) to work on /opt/airflow/dags/af_foods.py
[2023-04-14 16:37:56,416] {processor.py:641} INFO - Processing file /opt/airflow/dags/af_foods.py for tasks to queue
[2023-04-14 16:37:56,418] {logging_mixin.py:115} INFO - [2023-04-14 16:37:56,418] {dagbag.py:507} INFO - Filling up the DagBag from /opt/airflow/dags/af_foods.py
[2023-04-14 16:37:56,776] {processor.py:651} INFO - DAG(s) dict_keys(['af_foods']) retrieved from /opt/airflow/dags/af_foods.py
[2023-04-14 16:37:56,792] {logging_mixin.py:115} INFO - [2023-04-14 16:37:56,792] {dag.py:2371} INFO - Sync 1 DAGs
[2023-04-14 16:37:56,803] {logging_mixin.py:115} INFO - [2023-04-14 16:37:56,803] {dag.py:2919} INFO - Setting next_dagrun for af_foods to None, run_after=None
[2023-04-14 16:37:56,808] {processor.py:161} INFO - Processing /opt/airflow/dags/af_foods.py took 0.398 seconds
[2023-04-14 16:38:26,991] {processor.py:153} INFO - Started process (PID=255) to work on /opt/airflow/dags/af_foods.py
[2023-04-14 16:38:26,993] {processor.py:641} INFO - Processing file /opt/airflow/dags/af_foods.py for tasks to queue
[2023-04-14 16:38:26,994] {logging_mixin.py:115} INFO - [2023-04-14 16:38:26,994] {dagbag.py:507} INFO - Filling up the DagBag from /opt/airflow/dags/af_foods.py
[2023-04-14 16:38:27,209] {processor.py:651} INFO - DAG(s) dict_keys(['af_foods']) retrieved from /opt/airflow/dags/af_foods.py
[2023-04-14 16:38:27,221] {logging_mixin.py:115} INFO - [2023-04-14 16:38:27,221] {dag.py:2371} INFO - Sync 1 DAGs
[2023-04-14 16:38:27,230] {logging_mixin.py:115} INFO - [2023-04-14 16:38:27,230] {dag.py:2919} INFO - Setting next_dagrun for af_foods to None, run_after=None
[2023-04-14 16:38:27,236] {processor.py:161} INFO - Processing /opt/airflow/dags/af_foods.py took 0.252 seconds
[2023-04-14 16:38:57,440] {processor.py:153} INFO - Started process (PID=261) to work on /opt/airflow/dags/af_foods.py
[2023-04-14 16:38:57,442] {processor.py:641} INFO - Processing file /opt/airflow/dags/af_foods.py for tasks to queue
[2023-04-14 16:38:57,444] {logging_mixin.py:115} INFO - [2023-04-14 16:38:57,444] {dagbag.py:507} INFO - Filling up the DagBag from /opt/airflow/dags/af_foods.py
[2023-04-14 16:38:57,671] {processor.py:651} INFO - DAG(s) dict_keys(['af_foods']) retrieved from /opt/airflow/dags/af_foods.py
[2023-04-14 16:38:57,684] {logging_mixin.py:115} INFO - [2023-04-14 16:38:57,684] {dag.py:2371} INFO - Sync 1 DAGs
[2023-04-14 16:38:57,693] {logging_mixin.py:115} INFO - [2023-04-14 16:38:57,693] {dag.py:2919} INFO - Setting next_dagrun for af_foods to None, run_after=None
[2023-04-14 16:38:57,699] {processor.py:161} INFO - Processing /opt/airflow/dags/af_foods.py took 0.264 seconds
[2023-04-14 16:39:27,889] {processor.py:153} INFO - Started process (PID=267) to work on /opt/airflow/dags/af_foods.py
[2023-04-14 16:39:27,891] {processor.py:641} INFO - Processing file /opt/airflow/dags/af_foods.py for tasks to queue
[2023-04-14 16:39:27,892] {logging_mixin.py:115} INFO - [2023-04-14 16:39:27,892] {dagbag.py:507} INFO - Filling up the DagBag from /opt/airflow/dags/af_foods.py
[2023-04-14 16:39:28,104] {processor.py:651} INFO - DAG(s) dict_keys(['af_foods']) retrieved from /opt/airflow/dags/af_foods.py
[2023-04-14 16:39:28,117] {logging_mixin.py:115} INFO - [2023-04-14 16:39:28,116] {dag.py:2371} INFO - Sync 1 DAGs
[2023-04-14 16:39:28,126] {logging_mixin.py:115} INFO - [2023-04-14 16:39:28,126] {dag.py:2919} INFO - Setting next_dagrun for af_foods to None, run_after=None
[2023-04-14 16:39:28,131] {processor.py:161} INFO - Processing /opt/airflow/dags/af_foods.py took 0.248 seconds
[2023-04-14 16:39:58,314] {processor.py:153} INFO - Started process (PID=273) to work on /opt/airflow/dags/af_foods.py
[2023-04-14 16:39:58,316] {processor.py:641} INFO - Processing file /opt/airflow/dags/af_foods.py for tasks to queue
[2023-04-14 16:39:58,317] {logging_mixin.py:115} INFO - [2023-04-14 16:39:58,317] {dagbag.py:507} INFO - Filling up the DagBag from /opt/airflow/dags/af_foods.py
[2023-04-14 16:39:58,522] {processor.py:651} INFO - DAG(s) dict_keys(['af_foods']) retrieved from /opt/airflow/dags/af_foods.py
[2023-04-14 16:39:58,535] {logging_mixin.py:115} INFO - [2023-04-14 16:39:58,535] {dag.py:2371} INFO - Sync 1 DAGs
[2023-04-14 16:39:58,545] {logging_mixin.py:115} INFO - [2023-04-14 16:39:58,545] {dag.py:2919} INFO - Setting next_dagrun for af_foods to None, run_after=None
[2023-04-14 16:39:58,550] {processor.py:161} INFO - Processing /opt/airflow/dags/af_foods.py took 0.241 seconds
[2023-04-14 16:40:28,754] {processor.py:153} INFO - Started process (PID=279) to work on /opt/airflow/dags/af_foods.py
[2023-04-14 16:40:28,756] {processor.py:641} INFO - Processing file /opt/airflow/dags/af_foods.py for tasks to queue
[2023-04-14 16:40:28,757] {logging_mixin.py:115} INFO - [2023-04-14 16:40:28,757] {dagbag.py:507} INFO - Filling up the DagBag from /opt/airflow/dags/af_foods.py
[2023-04-14 16:40:28,954] {processor.py:651} INFO - DAG(s) dict_keys(['af_foods']) retrieved from /opt/airflow/dags/af_foods.py
[2023-04-14 16:40:28,966] {logging_mixin.py:115} INFO - [2023-04-14 16:40:28,966] {dag.py:2371} INFO - Sync 1 DAGs
[2023-04-14 16:40:28,975] {logging_mixin.py:115} INFO - [2023-04-14 16:40:28,975] {dag.py:2919} INFO - Setting next_dagrun for af_foods to None, run_after=None
[2023-04-14 16:40:28,979] {processor.py:161} INFO - Processing /opt/airflow/dags/af_foods.py took 0.231 seconds
[2023-04-14 16:40:59,160] {processor.py:153} INFO - Started process (PID=285) to work on /opt/airflow/dags/af_foods.py
[2023-04-14 16:40:59,163] {processor.py:641} INFO - Processing file /opt/airflow/dags/af_foods.py for tasks to queue
[2023-04-14 16:40:59,164] {logging_mixin.py:115} INFO - [2023-04-14 16:40:59,164] {dagbag.py:507} INFO - Filling up the DagBag from /opt/airflow/dags/af_foods.py
[2023-04-14 16:40:59,366] {processor.py:651} INFO - DAG(s) dict_keys(['af_foods']) retrieved from /opt/airflow/dags/af_foods.py
[2023-04-14 16:40:59,380] {logging_mixin.py:115} INFO - [2023-04-14 16:40:59,380] {dag.py:2371} INFO - Sync 1 DAGs
[2023-04-14 16:40:59,390] {logging_mixin.py:115} INFO - [2023-04-14 16:40:59,390] {dag.py:2919} INFO - Setting next_dagrun for af_foods to None, run_after=None
[2023-04-14 16:40:59,395] {processor.py:161} INFO - Processing /opt/airflow/dags/af_foods.py took 0.241 seconds
[2023-04-14 16:41:29,578] {processor.py:153} INFO - Started process (PID=291) to work on /opt/airflow/dags/af_foods.py
[2023-04-14 16:41:29,579] {processor.py:641} INFO - Processing file /opt/airflow/dags/af_foods.py for tasks to queue
[2023-04-14 16:41:29,581] {logging_mixin.py:115} INFO - [2023-04-14 16:41:29,581] {dagbag.py:507} INFO - Filling up the DagBag from /opt/airflow/dags/af_foods.py
[2023-04-14 16:41:29,782] {processor.py:651} INFO - DAG(s) dict_keys(['af_foods']) retrieved from /opt/airflow/dags/af_foods.py
[2023-04-14 16:41:29,796] {logging_mixin.py:115} INFO - [2023-04-14 16:41:29,796] {dag.py:2371} INFO - Sync 1 DAGs
[2023-04-14 16:41:29,805] {logging_mixin.py:115} INFO - [2023-04-14 16:41:29,805] {dag.py:2919} INFO - Setting next_dagrun for af_foods to None, run_after=None
[2023-04-14 16:41:29,810] {processor.py:161} INFO - Processing /opt/airflow/dags/af_foods.py took 0.239 seconds
[2023-04-14 16:41:59,971] {processor.py:153} INFO - Started process (PID=297) to work on /opt/airflow/dags/af_foods.py
[2023-04-14 16:41:59,973] {processor.py:641} INFO - Processing file /opt/airflow/dags/af_foods.py for tasks to queue
[2023-04-14 16:41:59,974] {logging_mixin.py:115} INFO - [2023-04-14 16:41:59,974] {dagbag.py:507} INFO - Filling up the DagBag from /opt/airflow/dags/af_foods.py
[2023-04-14 16:42:00,166] {processor.py:651} INFO - DAG(s) dict_keys(['af_foods']) retrieved from /opt/airflow/dags/af_foods.py
[2023-04-14 16:42:00,178] {logging_mixin.py:115} INFO - [2023-04-14 16:42:00,178] {dag.py:2371} INFO - Sync 1 DAGs
[2023-04-14 16:42:00,186] {logging_mixin.py:115} INFO - [2023-04-14 16:42:00,186] {dag.py:2919} INFO - Setting next_dagrun for af_foods to None, run_after=None
[2023-04-14 16:42:00,191] {processor.py:161} INFO - Processing /opt/airflow/dags/af_foods.py took 0.224 seconds
[2023-04-14 16:42:30,320] {processor.py:153} INFO - Started process (PID=303) to work on /opt/airflow/dags/af_foods.py
[2023-04-14 16:42:30,322] {processor.py:641} INFO - Processing file /opt/airflow/dags/af_foods.py for tasks to queue
[2023-04-14 16:42:30,322] {logging_mixin.py:115} INFO - [2023-04-14 16:42:30,322] {dagbag.py:507} INFO - Filling up the DagBag from /opt/airflow/dags/af_foods.py
[2023-04-14 16:42:30,601] {processor.py:651} INFO - DAG(s) dict_keys(['af_foods']) retrieved from /opt/airflow/dags/af_foods.py
[2023-04-14 16:42:30,616] {logging_mixin.py:115} INFO - [2023-04-14 16:42:30,616] {dag.py:2371} INFO - Sync 1 DAGs
[2023-04-14 16:42:30,626] {logging_mixin.py:115} INFO - [2023-04-14 16:42:30,626] {dag.py:2919} INFO - Setting next_dagrun for af_foods to None, run_after=None
[2023-04-14 16:42:30,631] {processor.py:161} INFO - Processing /opt/airflow/dags/af_foods.py took 0.315 seconds
[2023-04-14 16:43:00,808] {processor.py:153} INFO - Started process (PID=309) to work on /opt/airflow/dags/af_foods.py
[2023-04-14 16:43:00,811] {processor.py:641} INFO - Processing file /opt/airflow/dags/af_foods.py for tasks to queue
[2023-04-14 16:43:00,812] {logging_mixin.py:115} INFO - [2023-04-14 16:43:00,812] {dagbag.py:507} INFO - Filling up the DagBag from /opt/airflow/dags/af_foods.py
[2023-04-14 16:43:01,014] {processor.py:651} INFO - DAG(s) dict_keys(['af_foods']) retrieved from /opt/airflow/dags/af_foods.py
[2023-04-14 16:43:01,026] {logging_mixin.py:115} INFO - [2023-04-14 16:43:01,025] {dag.py:2371} INFO - Sync 1 DAGs
[2023-04-14 16:43:01,035] {logging_mixin.py:115} INFO - [2023-04-14 16:43:01,034] {dag.py:2919} INFO - Setting next_dagrun for af_foods to None, run_after=None
[2023-04-14 16:43:01,040] {processor.py:161} INFO - Processing /opt/airflow/dags/af_foods.py took 0.238 seconds
[2023-04-14 16:43:31,187] {processor.py:153} INFO - Started process (PID=315) to work on /opt/airflow/dags/af_foods.py
[2023-04-14 16:43:31,188] {processor.py:641} INFO - Processing file /opt/airflow/dags/af_foods.py for tasks to queue
[2023-04-14 16:43:31,189] {logging_mixin.py:115} INFO - [2023-04-14 16:43:31,189] {dagbag.py:507} INFO - Filling up the DagBag from /opt/airflow/dags/af_foods.py
[2023-04-14 16:43:31,401] {processor.py:651} INFO - DAG(s) dict_keys(['af_foods']) retrieved from /opt/airflow/dags/af_foods.py
[2023-04-14 16:43:31,415] {logging_mixin.py:115} INFO - [2023-04-14 16:43:31,415] {dag.py:2371} INFO - Sync 1 DAGs
[2023-04-14 16:43:31,425] {logging_mixin.py:115} INFO - [2023-04-14 16:43:31,425] {dag.py:2919} INFO - Setting next_dagrun for af_foods to None, run_after=None
[2023-04-14 16:43:31,430] {processor.py:161} INFO - Processing /opt/airflow/dags/af_foods.py took 0.247 seconds
[2023-04-14 16:44:01,613] {processor.py:153} INFO - Started process (PID=321) to work on /opt/airflow/dags/af_foods.py
[2023-04-14 16:44:01,616] {processor.py:641} INFO - Processing file /opt/airflow/dags/af_foods.py for tasks to queue
[2023-04-14 16:44:01,617] {logging_mixin.py:115} INFO - [2023-04-14 16:44:01,617] {dagbag.py:507} INFO - Filling up the DagBag from /opt/airflow/dags/af_foods.py
[2023-04-14 16:44:01,896] {processor.py:651} INFO - DAG(s) dict_keys(['af_foods']) retrieved from /opt/airflow/dags/af_foods.py
[2023-04-14 16:44:01,911] {logging_mixin.py:115} INFO - [2023-04-14 16:44:01,911] {dag.py:2371} INFO - Sync 1 DAGs
[2023-04-14 16:44:01,921] {logging_mixin.py:115} INFO - [2023-04-14 16:44:01,921] {dag.py:2919} INFO - Setting next_dagrun for af_foods to None, run_after=None
[2023-04-14 16:44:01,926] {processor.py:161} INFO - Processing /opt/airflow/dags/af_foods.py took 0.318 seconds
[2023-04-14 16:44:32,097] {processor.py:153} INFO - Started process (PID=327) to work on /opt/airflow/dags/af_foods.py
[2023-04-14 16:44:32,099] {processor.py:641} INFO - Processing file /opt/airflow/dags/af_foods.py for tasks to queue
[2023-04-14 16:44:32,099] {logging_mixin.py:115} INFO - [2023-04-14 16:44:32,099] {dagbag.py:507} INFO - Filling up the DagBag from /opt/airflow/dags/af_foods.py
[2023-04-14 16:44:32,300] {processor.py:651} INFO - DAG(s) dict_keys(['af_foods']) retrieved from /opt/airflow/dags/af_foods.py
[2023-04-14 16:44:32,312] {logging_mixin.py:115} INFO - [2023-04-14 16:44:32,312] {dag.py:2371} INFO - Sync 1 DAGs
[2023-04-14 16:44:32,320] {logging_mixin.py:115} INFO - [2023-04-14 16:44:32,320] {dag.py:2919} INFO - Setting next_dagrun for af_foods to None, run_after=None
[2023-04-14 16:44:32,325] {processor.py:161} INFO - Processing /opt/airflow/dags/af_foods.py took 0.233 seconds
[2023-04-14 17:05:28,169] {processor.py:153} INFO - Started process (PID=183) to work on /opt/airflow/dags/af_foods.py
[2023-04-14 17:05:28,169] {processor.py:641} INFO - Processing file /opt/airflow/dags/af_foods.py for tasks to queue
[2023-04-14 17:05:28,170] {logging_mixin.py:115} INFO - [2023-04-14 17:05:28,170] {dagbag.py:507} INFO - Filling up the DagBag from /opt/airflow/dags/af_foods.py
[2023-04-14 17:05:28,396] {processor.py:651} INFO - DAG(s) dict_keys(['af_foods']) retrieved from /opt/airflow/dags/af_foods.py
[2023-04-14 17:05:28,435] {logging_mixin.py:115} INFO - [2023-04-14 17:05:28,435] {manager.py:508} INFO - Created Permission View: can delete on DAG:af_foods
[2023-04-14 17:05:28,439] {logging_mixin.py:115} INFO - [2023-04-14 17:05:28,439] {manager.py:508} INFO - Created Permission View: can edit on DAG:af_foods
[2023-04-14 17:05:28,443] {logging_mixin.py:115} INFO - [2023-04-14 17:05:28,443] {manager.py:508} INFO - Created Permission View: can read on DAG:af_foods
[2023-04-14 17:05:28,444] {logging_mixin.py:115} INFO - [2023-04-14 17:05:28,443] {dag.py:2371} INFO - Sync 1 DAGs
[2023-04-14 17:05:28,448] {logging_mixin.py:115} INFO - [2023-04-14 17:05:28,447] {dag.py:2390} INFO - Creating ORM DAG for af_foods
[2023-04-14 17:05:28,453] {logging_mixin.py:115} INFO - [2023-04-14 17:05:28,453] {dag.py:2919} INFO - Setting next_dagrun for af_foods to None, run_after=None
[2023-04-14 17:05:28,459] {processor.py:161} INFO - Processing /opt/airflow/dags/af_foods.py took 0.292 seconds
[2023-04-14 17:05:58,649] {processor.py:153} INFO - Started process (PID=189) to work on /opt/airflow/dags/af_foods.py
[2023-04-14 17:05:58,651] {processor.py:641} INFO - Processing file /opt/airflow/dags/af_foods.py for tasks to queue
[2023-04-14 17:05:58,652] {logging_mixin.py:115} INFO - [2023-04-14 17:05:58,652] {dagbag.py:507} INFO - Filling up the DagBag from /opt/airflow/dags/af_foods.py
[2023-04-14 17:05:59,033] {processor.py:651} INFO - DAG(s) dict_keys(['af_foods']) retrieved from /opt/airflow/dags/af_foods.py
[2023-04-14 17:05:59,065] {logging_mixin.py:115} INFO - [2023-04-14 17:05:59,065] {dag.py:2371} INFO - Sync 1 DAGs
[2023-04-14 17:05:59,076] {logging_mixin.py:115} INFO - [2023-04-14 17:05:59,076] {dag.py:2919} INFO - Setting next_dagrun for af_foods to None, run_after=None
[2023-04-14 17:05:59,082] {processor.py:161} INFO - Processing /opt/airflow/dags/af_foods.py took 0.441 seconds
[2023-04-14 17:06:29,284] {processor.py:153} INFO - Started process (PID=195) to work on /opt/airflow/dags/af_foods.py
[2023-04-14 17:06:29,286] {processor.py:641} INFO - Processing file /opt/airflow/dags/af_foods.py for tasks to queue
[2023-04-14 17:06:29,287] {logging_mixin.py:115} INFO - [2023-04-14 17:06:29,287] {dagbag.py:507} INFO - Filling up the DagBag from /opt/airflow/dags/af_foods.py
[2023-04-14 17:06:29,481] {processor.py:651} INFO - DAG(s) dict_keys(['af_foods']) retrieved from /opt/airflow/dags/af_foods.py
[2023-04-14 17:06:29,509] {logging_mixin.py:115} INFO - [2023-04-14 17:06:29,509] {dag.py:2371} INFO - Sync 1 DAGs
[2023-04-14 17:06:29,519] {logging_mixin.py:115} INFO - [2023-04-14 17:06:29,519] {dag.py:2919} INFO - Setting next_dagrun for af_foods to None, run_after=None
[2023-04-14 17:06:29,526] {processor.py:161} INFO - Processing /opt/airflow/dags/af_foods.py took 0.246 seconds
[2023-04-14 17:06:59,717] {processor.py:153} INFO - Started process (PID=201) to work on /opt/airflow/dags/af_foods.py
[2023-04-14 17:06:59,719] {processor.py:641} INFO - Processing file /opt/airflow/dags/af_foods.py for tasks to queue
[2023-04-14 17:06:59,720] {logging_mixin.py:115} INFO - [2023-04-14 17:06:59,720] {dagbag.py:507} INFO - Filling up the DagBag from /opt/airflow/dags/af_foods.py
[2023-04-14 17:06:59,931] {processor.py:651} INFO - DAG(s) dict_keys(['af_foods']) retrieved from /opt/airflow/dags/af_foods.py
[2023-04-14 17:06:59,963] {logging_mixin.py:115} INFO - [2023-04-14 17:06:59,963] {dag.py:2371} INFO - Sync 1 DAGs
[2023-04-14 17:06:59,973] {logging_mixin.py:115} INFO - [2023-04-14 17:06:59,973] {dag.py:2919} INFO - Setting next_dagrun for af_foods to None, run_after=None
[2023-04-14 17:06:59,980] {processor.py:161} INFO - Processing /opt/airflow/dags/af_foods.py took 0.269 seconds
[2023-04-14 17:07:30,191] {processor.py:153} INFO - Started process (PID=207) to work on /opt/airflow/dags/af_foods.py
[2023-04-14 17:07:30,193] {processor.py:641} INFO - Processing file /opt/airflow/dags/af_foods.py for tasks to queue
[2023-04-14 17:07:30,194] {logging_mixin.py:115} INFO - [2023-04-14 17:07:30,194] {dagbag.py:507} INFO - Filling up the DagBag from /opt/airflow/dags/af_foods.py
[2023-04-14 17:07:30,533] {processor.py:651} INFO - DAG(s) dict_keys(['af_foods']) retrieved from /opt/airflow/dags/af_foods.py
[2023-04-14 17:07:30,551] {logging_mixin.py:115} INFO - [2023-04-14 17:07:30,550] {dag.py:2371} INFO - Sync 1 DAGs
[2023-04-14 17:07:30,562] {logging_mixin.py:115} INFO - [2023-04-14 17:07:30,562] {dag.py:2919} INFO - Setting next_dagrun for af_foods to None, run_after=None
[2023-04-14 17:07:30,570] {processor.py:161} INFO - Processing /opt/airflow/dags/af_foods.py took 0.384 seconds
[2023-04-14 17:08:00,733] {processor.py:153} INFO - Started process (PID=216) to work on /opt/airflow/dags/af_foods.py
[2023-04-14 17:08:00,734] {processor.py:641} INFO - Processing file /opt/airflow/dags/af_foods.py for tasks to queue
[2023-04-14 17:08:00,735] {logging_mixin.py:115} INFO - [2023-04-14 17:08:00,735] {dagbag.py:507} INFO - Filling up the DagBag from /opt/airflow/dags/af_foods.py
[2023-04-14 17:08:01,061] {processor.py:651} INFO - DAG(s) dict_keys(['af_foods']) retrieved from /opt/airflow/dags/af_foods.py
[2023-04-14 17:08:01,105] {logging_mixin.py:115} INFO - [2023-04-14 17:08:01,105] {dag.py:2371} INFO - Sync 1 DAGs
[2023-04-14 17:08:01,115] {logging_mixin.py:115} INFO - [2023-04-14 17:08:01,115] {dag.py:2919} INFO - Setting next_dagrun for af_foods to None, run_after=None
[2023-04-14 17:08:01,121] {processor.py:161} INFO - Processing /opt/airflow/dags/af_foods.py took 0.394 seconds
[2023-04-14 17:08:31,328] {processor.py:153} INFO - Started process (PID=225) to work on /opt/airflow/dags/af_foods.py
[2023-04-14 17:08:31,331] {processor.py:641} INFO - Processing file /opt/airflow/dags/af_foods.py for tasks to queue
[2023-04-14 17:08:31,335] {logging_mixin.py:115} INFO - [2023-04-14 17:08:31,335] {dagbag.py:507} INFO - Filling up the DagBag from /opt/airflow/dags/af_foods.py
[2023-04-14 17:08:32,930] {processor.py:651} INFO - DAG(s) dict_keys(['af_foods']) retrieved from /opt/airflow/dags/af_foods.py
[2023-04-14 17:08:32,980] {logging_mixin.py:115} INFO - [2023-04-14 17:08:32,980] {dag.py:2371} INFO - Sync 1 DAGs
[2023-04-14 17:08:32,991] {logging_mixin.py:115} INFO - [2023-04-14 17:08:32,991] {dag.py:2919} INFO - Setting next_dagrun for af_foods to None, run_after=None
[2023-04-14 17:08:33,005] {processor.py:161} INFO - Processing /opt/airflow/dags/af_foods.py took 1.691 seconds
[2023-04-14 17:09:03,839] {processor.py:153} INFO - Started process (PID=231) to work on /opt/airflow/dags/af_foods.py
[2023-04-14 17:09:03,842] {processor.py:641} INFO - Processing file /opt/airflow/dags/af_foods.py for tasks to queue
[2023-04-14 17:09:03,848] {logging_mixin.py:115} INFO - [2023-04-14 17:09:03,848] {dagbag.py:507} INFO - Filling up the DagBag from /opt/airflow/dags/af_foods.py
[2023-04-14 17:09:05,061] {processor.py:651} INFO - DAG(s) dict_keys(['af_foods']) retrieved from /opt/airflow/dags/af_foods.py
[2023-04-14 17:09:05,097] {logging_mixin.py:115} INFO - [2023-04-14 17:09:05,097] {dag.py:2371} INFO - Sync 1 DAGs
[2023-04-14 17:09:05,108] {logging_mixin.py:115} INFO - [2023-04-14 17:09:05,108] {dag.py:2919} INFO - Setting next_dagrun for af_foods to None, run_after=None
[2023-04-14 17:09:05,114] {processor.py:161} INFO - Processing /opt/airflow/dags/af_foods.py took 1.314 seconds
[2023-04-14 17:09:35,189] {processor.py:153} INFO - Started process (PID=237) to work on /opt/airflow/dags/af_foods.py
[2023-04-14 17:09:35,191] {processor.py:641} INFO - Processing file /opt/airflow/dags/af_foods.py for tasks to queue
[2023-04-14 17:09:35,193] {logging_mixin.py:115} INFO - [2023-04-14 17:09:35,192] {dagbag.py:507} INFO - Filling up the DagBag from /opt/airflow/dags/af_foods.py
[2023-04-14 17:09:35,413] {processor.py:651} INFO - DAG(s) dict_keys(['af_foods']) retrieved from /opt/airflow/dags/af_foods.py
[2023-04-14 17:09:35,446] {logging_mixin.py:115} INFO - [2023-04-14 17:09:35,446] {dag.py:2371} INFO - Sync 1 DAGs
[2023-04-14 17:09:35,456] {logging_mixin.py:115} INFO - [2023-04-14 17:09:35,456] {dag.py:2919} INFO - Setting next_dagrun for af_foods to None, run_after=None
[2023-04-14 17:09:35,462] {processor.py:161} INFO - Processing /opt/airflow/dags/af_foods.py took 0.275 seconds
[2023-04-14 17:10:05,645] {processor.py:153} INFO - Started process (PID=243) to work on /opt/airflow/dags/af_foods.py
[2023-04-14 17:10:05,646] {processor.py:641} INFO - Processing file /opt/airflow/dags/af_foods.py for tasks to queue
[2023-04-14 17:10:05,647] {logging_mixin.py:115} INFO - [2023-04-14 17:10:05,647] {dagbag.py:507} INFO - Filling up the DagBag from /opt/airflow/dags/af_foods.py
[2023-04-14 17:10:05,854] {processor.py:651} INFO - DAG(s) dict_keys(['af_foods']) retrieved from /opt/airflow/dags/af_foods.py
[2023-04-14 17:10:05,886] {logging_mixin.py:115} INFO - [2023-04-14 17:10:05,886] {dag.py:2371} INFO - Sync 1 DAGs
[2023-04-14 17:10:05,900] {logging_mixin.py:115} INFO - [2023-04-14 17:10:05,900] {dag.py:2919} INFO - Setting next_dagrun for af_foods to None, run_after=None
[2023-04-14 17:10:05,906] {processor.py:161} INFO - Processing /opt/airflow/dags/af_foods.py took 0.264 seconds
[2023-04-14 17:10:36,083] {processor.py:153} INFO - Started process (PID=249) to work on /opt/airflow/dags/af_foods.py
[2023-04-14 17:10:36,085] {processor.py:641} INFO - Processing file /opt/airflow/dags/af_foods.py for tasks to queue
[2023-04-14 17:10:36,086] {logging_mixin.py:115} INFO - [2023-04-14 17:10:36,086] {dagbag.py:507} INFO - Filling up the DagBag from /opt/airflow/dags/af_foods.py
[2023-04-14 17:10:36,301] {processor.py:651} INFO - DAG(s) dict_keys(['af_foods']) retrieved from /opt/airflow/dags/af_foods.py
[2023-04-14 17:10:36,330] {logging_mixin.py:115} INFO - [2023-04-14 17:10:36,330] {dag.py:2371} INFO - Sync 1 DAGs
[2023-04-14 17:10:36,341] {logging_mixin.py:115} INFO - [2023-04-14 17:10:36,341] {dag.py:2919} INFO - Setting next_dagrun for af_foods to None, run_after=None
[2023-04-14 17:10:36,347] {processor.py:161} INFO - Processing /opt/airflow/dags/af_foods.py took 0.271 seconds
[2023-04-14 17:11:06,524] {processor.py:153} INFO - Started process (PID=255) to work on /opt/airflow/dags/af_foods.py
[2023-04-14 17:11:06,525] {processor.py:641} INFO - Processing file /opt/airflow/dags/af_foods.py for tasks to queue
[2023-04-14 17:11:06,526] {logging_mixin.py:115} INFO - [2023-04-14 17:11:06,526] {dagbag.py:507} INFO - Filling up the DagBag from /opt/airflow/dags/af_foods.py
[2023-04-14 17:11:06,736] {processor.py:651} INFO - DAG(s) dict_keys(['af_foods']) retrieved from /opt/airflow/dags/af_foods.py
[2023-04-14 17:11:06,769] {logging_mixin.py:115} INFO - [2023-04-14 17:11:06,768] {dag.py:2371} INFO - Sync 1 DAGs
[2023-04-14 17:11:06,778] {logging_mixin.py:115} INFO - [2023-04-14 17:11:06,778] {dag.py:2919} INFO - Setting next_dagrun for af_foods to None, run_after=None
[2023-04-14 17:11:06,785] {processor.py:161} INFO - Processing /opt/airflow/dags/af_foods.py took 0.265 seconds
[2023-04-14 17:11:36,992] {processor.py:153} INFO - Started process (PID=261) to work on /opt/airflow/dags/af_foods.py
[2023-04-14 17:11:36,994] {processor.py:641} INFO - Processing file /opt/airflow/dags/af_foods.py for tasks to queue
[2023-04-14 17:11:36,995] {logging_mixin.py:115} INFO - [2023-04-14 17:11:36,995] {dagbag.py:507} INFO - Filling up the DagBag from /opt/airflow/dags/af_foods.py
[2023-04-14 17:11:37,208] {processor.py:651} INFO - DAG(s) dict_keys(['af_foods']) retrieved from /opt/airflow/dags/af_foods.py
[2023-04-14 17:11:37,240] {logging_mixin.py:115} INFO - [2023-04-14 17:11:37,240] {dag.py:2371} INFO - Sync 1 DAGs
[2023-04-14 17:11:37,250] {logging_mixin.py:115} INFO - [2023-04-14 17:11:37,250] {dag.py:2919} INFO - Setting next_dagrun for af_foods to None, run_after=None
[2023-04-14 17:11:37,257] {processor.py:161} INFO - Processing /opt/airflow/dags/af_foods.py took 0.269 seconds
[2023-04-14 17:12:07,431] {processor.py:153} INFO - Started process (PID=267) to work on /opt/airflow/dags/af_foods.py
[2023-04-14 17:12:07,433] {processor.py:641} INFO - Processing file /opt/airflow/dags/af_foods.py for tasks to queue
[2023-04-14 17:12:07,434] {logging_mixin.py:115} INFO - [2023-04-14 17:12:07,434] {dagbag.py:507} INFO - Filling up the DagBag from /opt/airflow/dags/af_foods.py
[2023-04-14 17:12:07,655] {processor.py:651} INFO - DAG(s) dict_keys(['af_foods']) retrieved from /opt/airflow/dags/af_foods.py
[2023-04-14 17:12:07,686] {logging_mixin.py:115} INFO - [2023-04-14 17:12:07,686] {dag.py:2371} INFO - Sync 1 DAGs
[2023-04-14 17:12:07,696] {logging_mixin.py:115} INFO - [2023-04-14 17:12:07,696] {dag.py:2919} INFO - Setting next_dagrun for af_foods to None, run_after=None
[2023-04-14 17:12:07,702] {processor.py:161} INFO - Processing /opt/airflow/dags/af_foods.py took 0.276 seconds
[2023-04-14 17:12:37,885] {processor.py:153} INFO - Started process (PID=273) to work on /opt/airflow/dags/af_foods.py
[2023-04-14 17:12:37,887] {processor.py:641} INFO - Processing file /opt/airflow/dags/af_foods.py for tasks to queue
[2023-04-14 17:12:37,888] {logging_mixin.py:115} INFO - [2023-04-14 17:12:37,888] {dagbag.py:507} INFO - Filling up the DagBag from /opt/airflow/dags/af_foods.py
[2023-04-14 17:12:38,110] {processor.py:651} INFO - DAG(s) dict_keys(['af_foods']) retrieved from /opt/airflow/dags/af_foods.py
[2023-04-14 17:12:38,141] {logging_mixin.py:115} INFO - [2023-04-14 17:12:38,141] {dag.py:2371} INFO - Sync 1 DAGs
[2023-04-14 17:12:38,151] {logging_mixin.py:115} INFO - [2023-04-14 17:12:38,151] {dag.py:2919} INFO - Setting next_dagrun for af_foods to None, run_after=None
[2023-04-14 17:12:38,157] {processor.py:161} INFO - Processing /opt/airflow/dags/af_foods.py took 0.279 seconds
[2023-04-14 17:13:08,353] {processor.py:153} INFO - Started process (PID=279) to work on /opt/airflow/dags/af_foods.py
[2023-04-14 17:13:08,355] {processor.py:641} INFO - Processing file /opt/airflow/dags/af_foods.py for tasks to queue
[2023-04-14 17:13:08,356] {logging_mixin.py:115} INFO - [2023-04-14 17:13:08,356] {dagbag.py:507} INFO - Filling up the DagBag from /opt/airflow/dags/af_foods.py
[2023-04-14 17:13:08,566] {processor.py:651} INFO - DAG(s) dict_keys(['af_foods']) retrieved from /opt/airflow/dags/af_foods.py
[2023-04-14 17:13:08,594] {logging_mixin.py:115} INFO - [2023-04-14 17:13:08,593] {dag.py:2371} INFO - Sync 1 DAGs
[2023-04-14 17:13:08,603] {logging_mixin.py:115} INFO - [2023-04-14 17:13:08,603] {dag.py:2919} INFO - Setting next_dagrun for af_foods to None, run_after=None
[2023-04-14 17:13:08,609] {processor.py:161} INFO - Processing /opt/airflow/dags/af_foods.py took 0.263 seconds
[2023-04-14 17:13:38,797] {processor.py:153} INFO - Started process (PID=285) to work on /opt/airflow/dags/af_foods.py
[2023-04-14 17:13:38,800] {processor.py:641} INFO - Processing file /opt/airflow/dags/af_foods.py for tasks to queue
[2023-04-14 17:13:38,801] {logging_mixin.py:115} INFO - [2023-04-14 17:13:38,801] {dagbag.py:507} INFO - Filling up the DagBag from /opt/airflow/dags/af_foods.py
[2023-04-14 17:13:39,037] {processor.py:651} INFO - DAG(s) dict_keys(['af_foods']) retrieved from /opt/airflow/dags/af_foods.py
[2023-04-14 17:13:39,068] {logging_mixin.py:115} INFO - [2023-04-14 17:13:39,068] {dag.py:2371} INFO - Sync 1 DAGs
[2023-04-14 17:13:39,079] {logging_mixin.py:115} INFO - [2023-04-14 17:13:39,079] {dag.py:2919} INFO - Setting next_dagrun for af_foods to None, run_after=None
[2023-04-14 17:13:39,085] {processor.py:161} INFO - Processing /opt/airflow/dags/af_foods.py took 0.293 seconds
[2023-04-14 17:14:09,242] {processor.py:153} INFO - Started process (PID=291) to work on /opt/airflow/dags/af_foods.py
[2023-04-14 17:14:09,243] {processor.py:641} INFO - Processing file /opt/airflow/dags/af_foods.py for tasks to queue
[2023-04-14 17:14:09,244] {logging_mixin.py:115} INFO - [2023-04-14 17:14:09,244] {dagbag.py:507} INFO - Filling up the DagBag from /opt/airflow/dags/af_foods.py
[2023-04-14 17:14:09,442] {processor.py:651} INFO - DAG(s) dict_keys(['af_foods']) retrieved from /opt/airflow/dags/af_foods.py
[2023-04-14 17:14:09,472] {logging_mixin.py:115} INFO - [2023-04-14 17:14:09,472] {dag.py:2371} INFO - Sync 1 DAGs
[2023-04-14 17:14:09,481] {logging_mixin.py:115} INFO - [2023-04-14 17:14:09,481] {dag.py:2919} INFO - Setting next_dagrun for af_foods to None, run_after=None
[2023-04-14 17:14:09,487] {processor.py:161} INFO - Processing /opt/airflow/dags/af_foods.py took 0.249 seconds
[2023-04-14 17:14:39,669] {processor.py:153} INFO - Started process (PID=297) to work on /opt/airflow/dags/af_foods.py
[2023-04-14 17:14:39,670] {processor.py:641} INFO - Processing file /opt/airflow/dags/af_foods.py for tasks to queue
[2023-04-14 17:14:39,671] {logging_mixin.py:115} INFO - [2023-04-14 17:14:39,671] {dagbag.py:507} INFO - Filling up the DagBag from /opt/airflow/dags/af_foods.py
[2023-04-14 17:14:39,881] {processor.py:651} INFO - DAG(s) dict_keys(['af_foods']) retrieved from /opt/airflow/dags/af_foods.py
[2023-04-14 17:14:39,909] {logging_mixin.py:115} INFO - [2023-04-14 17:14:39,909] {dag.py:2371} INFO - Sync 1 DAGs
[2023-04-14 17:14:39,918] {logging_mixin.py:115} INFO - [2023-04-14 17:14:39,918] {dag.py:2919} INFO - Setting next_dagrun for af_foods to None, run_after=None
[2023-04-14 17:14:39,924] {processor.py:161} INFO - Processing /opt/airflow/dags/af_foods.py took 0.260 seconds
[2023-04-14 17:15:10,110] {processor.py:153} INFO - Started process (PID=303) to work on /opt/airflow/dags/af_foods.py
[2023-04-14 17:15:10,111] {processor.py:641} INFO - Processing file /opt/airflow/dags/af_foods.py for tasks to queue
[2023-04-14 17:15:10,112] {logging_mixin.py:115} INFO - [2023-04-14 17:15:10,112] {dagbag.py:507} INFO - Filling up the DagBag from /opt/airflow/dags/af_foods.py
[2023-04-14 17:15:10,306] {processor.py:651} INFO - DAG(s) dict_keys(['af_foods']) retrieved from /opt/airflow/dags/af_foods.py
[2023-04-14 17:15:10,334] {logging_mixin.py:115} INFO - [2023-04-14 17:15:10,334] {dag.py:2371} INFO - Sync 1 DAGs
[2023-04-14 17:15:10,343] {logging_mixin.py:115} INFO - [2023-04-14 17:15:10,343] {dag.py:2919} INFO - Setting next_dagrun for af_foods to None, run_after=None
[2023-04-14 17:15:10,349] {processor.py:161} INFO - Processing /opt/airflow/dags/af_foods.py took 0.243 seconds
[2023-04-14 17:15:40,527] {processor.py:153} INFO - Started process (PID=309) to work on /opt/airflow/dags/af_foods.py
[2023-04-14 17:15:40,528] {processor.py:641} INFO - Processing file /opt/airflow/dags/af_foods.py for tasks to queue
[2023-04-14 17:15:40,529] {logging_mixin.py:115} INFO - [2023-04-14 17:15:40,529] {dagbag.py:507} INFO - Filling up the DagBag from /opt/airflow/dags/af_foods.py
[2023-04-14 17:15:40,719] {processor.py:651} INFO - DAG(s) dict_keys(['af_foods']) retrieved from /opt/airflow/dags/af_foods.py
[2023-04-14 17:15:40,747] {logging_mixin.py:115} INFO - [2023-04-14 17:15:40,747] {dag.py:2371} INFO - Sync 1 DAGs
[2023-04-14 17:15:40,756] {logging_mixin.py:115} INFO - [2023-04-14 17:15:40,756] {dag.py:2919} INFO - Setting next_dagrun for af_foods to None, run_after=None
[2023-04-14 17:15:40,762] {processor.py:161} INFO - Processing /opt/airflow/dags/af_foods.py took 0.237 seconds
[2023-04-14 17:16:10,944] {processor.py:153} INFO - Started process (PID=315) to work on /opt/airflow/dags/af_foods.py
[2023-04-14 17:16:10,945] {processor.py:641} INFO - Processing file /opt/airflow/dags/af_foods.py for tasks to queue
[2023-04-14 17:16:10,946] {logging_mixin.py:115} INFO - [2023-04-14 17:16:10,946] {dagbag.py:507} INFO - Filling up the DagBag from /opt/airflow/dags/af_foods.py
[2023-04-14 17:16:11,160] {processor.py:651} INFO - DAG(s) dict_keys(['af_foods']) retrieved from /opt/airflow/dags/af_foods.py
[2023-04-14 17:16:11,190] {logging_mixin.py:115} INFO - [2023-04-14 17:16:11,190] {dag.py:2371} INFO - Sync 1 DAGs
[2023-04-14 17:16:11,200] {logging_mixin.py:115} INFO - [2023-04-14 17:16:11,200] {dag.py:2919} INFO - Setting next_dagrun for af_foods to None, run_after=None
[2023-04-14 17:16:11,206] {processor.py:161} INFO - Processing /opt/airflow/dags/af_foods.py took 0.267 seconds
[2023-04-14 17:16:41,394] {processor.py:153} INFO - Started process (PID=321) to work on /opt/airflow/dags/af_foods.py
[2023-04-14 17:16:41,395] {processor.py:641} INFO - Processing file /opt/airflow/dags/af_foods.py for tasks to queue
[2023-04-14 17:16:41,396] {logging_mixin.py:115} INFO - [2023-04-14 17:16:41,396] {dagbag.py:507} INFO - Filling up the DagBag from /opt/airflow/dags/af_foods.py
[2023-04-14 17:16:41,603] {processor.py:651} INFO - DAG(s) dict_keys(['af_foods']) retrieved from /opt/airflow/dags/af_foods.py
[2023-04-14 17:16:41,636] {logging_mixin.py:115} INFO - [2023-04-14 17:16:41,636] {dag.py:2371} INFO - Sync 1 DAGs
[2023-04-14 17:16:41,645] {logging_mixin.py:115} INFO - [2023-04-14 17:16:41,645] {dag.py:2919} INFO - Setting next_dagrun for af_foods to None, run_after=None
[2023-04-14 17:16:41,651] {processor.py:161} INFO - Processing /opt/airflow/dags/af_foods.py took 0.263 seconds
[2023-04-14 17:17:11,854] {processor.py:153} INFO - Started process (PID=327) to work on /opt/airflow/dags/af_foods.py
[2023-04-14 17:17:11,855] {processor.py:641} INFO - Processing file /opt/airflow/dags/af_foods.py for tasks to queue
[2023-04-14 17:17:11,856] {logging_mixin.py:115} INFO - [2023-04-14 17:17:11,856] {dagbag.py:507} INFO - Filling up the DagBag from /opt/airflow/dags/af_foods.py
[2023-04-14 17:17:12,061] {processor.py:651} INFO - DAG(s) dict_keys(['af_foods']) retrieved from /opt/airflow/dags/af_foods.py
[2023-04-14 17:17:12,089] {logging_mixin.py:115} INFO - [2023-04-14 17:17:12,089] {dag.py:2371} INFO - Sync 1 DAGs
[2023-04-14 17:17:12,098] {logging_mixin.py:115} INFO - [2023-04-14 17:17:12,098] {dag.py:2919} INFO - Setting next_dagrun for af_foods to None, run_after=None
[2023-04-14 17:17:12,104] {processor.py:161} INFO - Processing /opt/airflow/dags/af_foods.py took 0.255 seconds
[2023-04-14 17:17:42,333] {processor.py:153} INFO - Started process (PID=333) to work on /opt/airflow/dags/af_foods.py
[2023-04-14 17:17:42,336] {processor.py:641} INFO - Processing file /opt/airflow/dags/af_foods.py for tasks to queue
[2023-04-14 17:17:42,337] {logging_mixin.py:115} INFO - [2023-04-14 17:17:42,337] {dagbag.py:507} INFO - Filling up the DagBag from /opt/airflow/dags/af_foods.py
[2023-04-14 17:17:42,565] {processor.py:651} INFO - DAG(s) dict_keys(['af_foods']) retrieved from /opt/airflow/dags/af_foods.py
[2023-04-14 17:17:42,594] {logging_mixin.py:115} INFO - [2023-04-14 17:17:42,594] {dag.py:2371} INFO - Sync 1 DAGs
[2023-04-14 17:17:42,603] {logging_mixin.py:115} INFO - [2023-04-14 17:17:42,603] {dag.py:2919} INFO - Setting next_dagrun for af_foods to None, run_after=None
[2023-04-14 17:17:42,609] {processor.py:161} INFO - Processing /opt/airflow/dags/af_foods.py took 0.281 seconds
[2023-04-14 17:18:12,849] {processor.py:153} INFO - Started process (PID=339) to work on /opt/airflow/dags/af_foods.py
[2023-04-14 17:18:12,851] {processor.py:641} INFO - Processing file /opt/airflow/dags/af_foods.py for tasks to queue
[2023-04-14 17:18:12,852] {logging_mixin.py:115} INFO - [2023-04-14 17:18:12,852] {dagbag.py:507} INFO - Filling up the DagBag from /opt/airflow/dags/af_foods.py
[2023-04-14 17:18:13,097] {processor.py:651} INFO - DAG(s) dict_keys(['af_foods']) retrieved from /opt/airflow/dags/af_foods.py
[2023-04-14 17:18:13,126] {logging_mixin.py:115} INFO - [2023-04-14 17:18:13,125] {dag.py:2371} INFO - Sync 1 DAGs
[2023-04-14 17:18:13,135] {logging_mixin.py:115} INFO - [2023-04-14 17:18:13,135] {dag.py:2919} INFO - Setting next_dagrun for af_foods to None, run_after=None
[2023-04-14 17:18:13,140] {processor.py:161} INFO - Processing /opt/airflow/dags/af_foods.py took 0.298 seconds
[2023-04-14 17:18:43,383] {processor.py:153} INFO - Started process (PID=345) to work on /opt/airflow/dags/af_foods.py
[2023-04-14 17:18:43,386] {processor.py:641} INFO - Processing file /opt/airflow/dags/af_foods.py for tasks to queue
[2023-04-14 17:18:43,387] {logging_mixin.py:115} INFO - [2023-04-14 17:18:43,387] {dagbag.py:507} INFO - Filling up the DagBag from /opt/airflow/dags/af_foods.py
[2023-04-14 17:18:43,600] {processor.py:651} INFO - DAG(s) dict_keys(['af_foods']) retrieved from /opt/airflow/dags/af_foods.py
[2023-04-14 17:18:43,629] {logging_mixin.py:115} INFO - [2023-04-14 17:18:43,629] {dag.py:2371} INFO - Sync 1 DAGs
[2023-04-14 17:18:43,638] {logging_mixin.py:115} INFO - [2023-04-14 17:18:43,638] {dag.py:2919} INFO - Setting next_dagrun for af_foods to None, run_after=None
[2023-04-14 17:18:43,644] {processor.py:161} INFO - Processing /opt/airflow/dags/af_foods.py took 0.266 seconds
[2023-04-14 17:19:13,867] {processor.py:153} INFO - Started process (PID=351) to work on /opt/airflow/dags/af_foods.py
[2023-04-14 17:19:13,870] {processor.py:641} INFO - Processing file /opt/airflow/dags/af_foods.py for tasks to queue
[2023-04-14 17:19:13,871] {logging_mixin.py:115} INFO - [2023-04-14 17:19:13,871] {dagbag.py:507} INFO - Filling up the DagBag from /opt/airflow/dags/af_foods.py
[2023-04-14 17:19:14,137] {processor.py:651} INFO - DAG(s) dict_keys(['af_foods']) retrieved from /opt/airflow/dags/af_foods.py
[2023-04-14 17:19:14,168] {logging_mixin.py:115} INFO - [2023-04-14 17:19:14,168] {dag.py:2371} INFO - Sync 1 DAGs
[2023-04-14 17:19:14,178] {logging_mixin.py:115} INFO - [2023-04-14 17:19:14,178] {dag.py:2919} INFO - Setting next_dagrun for af_foods to None, run_after=None
[2023-04-14 17:19:14,184] {processor.py:161} INFO - Processing /opt/airflow/dags/af_foods.py took 0.323 seconds
[2023-04-14 17:19:44,458] {processor.py:153} INFO - Started process (PID=357) to work on /opt/airflow/dags/af_foods.py
[2023-04-14 17:19:44,459] {processor.py:641} INFO - Processing file /opt/airflow/dags/af_foods.py for tasks to queue
[2023-04-14 17:19:44,460] {logging_mixin.py:115} INFO - [2023-04-14 17:19:44,460] {dagbag.py:507} INFO - Filling up the DagBag from /opt/airflow/dags/af_foods.py
[2023-04-14 17:19:44,662] {processor.py:651} INFO - DAG(s) dict_keys(['af_foods']) retrieved from /opt/airflow/dags/af_foods.py
[2023-04-14 17:19:44,692] {logging_mixin.py:115} INFO - [2023-04-14 17:19:44,692] {dag.py:2371} INFO - Sync 1 DAGs
[2023-04-14 17:19:44,701] {logging_mixin.py:115} INFO - [2023-04-14 17:19:44,701] {dag.py:2919} INFO - Setting next_dagrun for af_foods to None, run_after=None
[2023-04-14 17:19:44,707] {processor.py:161} INFO - Processing /opt/airflow/dags/af_foods.py took 0.253 seconds
[2023-04-14 17:20:14,950] {processor.py:153} INFO - Started process (PID=363) to work on /opt/airflow/dags/af_foods.py
[2023-04-14 17:20:14,952] {processor.py:641} INFO - Processing file /opt/airflow/dags/af_foods.py for tasks to queue
[2023-04-14 17:20:14,953] {logging_mixin.py:115} INFO - [2023-04-14 17:20:14,953] {dagbag.py:507} INFO - Filling up the DagBag from /opt/airflow/dags/af_foods.py
[2023-04-14 17:20:15,152] {processor.py:651} INFO - DAG(s) dict_keys(['af_foods']) retrieved from /opt/airflow/dags/af_foods.py
[2023-04-14 17:20:15,164] {logging_mixin.py:115} INFO - [2023-04-14 17:20:15,164] {dag.py:2371} INFO - Sync 1 DAGs
[2023-04-14 17:20:15,173] {logging_mixin.py:115} INFO - [2023-04-14 17:20:15,173] {dag.py:2919} INFO - Setting next_dagrun for af_foods to None, run_after=None
[2023-04-14 17:20:15,178] {processor.py:161} INFO - Processing /opt/airflow/dags/af_foods.py took 0.232 seconds
[2023-04-14 17:20:45,463] {processor.py:153} INFO - Started process (PID=369) to work on /opt/airflow/dags/af_foods.py
[2023-04-14 17:20:45,465] {processor.py:641} INFO - Processing file /opt/airflow/dags/af_foods.py for tasks to queue
[2023-04-14 17:20:45,466] {logging_mixin.py:115} INFO - [2023-04-14 17:20:45,466] {dagbag.py:507} INFO - Filling up the DagBag from /opt/airflow/dags/af_foods.py
[2023-04-14 17:20:45,677] {processor.py:651} INFO - DAG(s) dict_keys(['af_foods']) retrieved from /opt/airflow/dags/af_foods.py
[2023-04-14 17:20:45,707] {logging_mixin.py:115} INFO - [2023-04-14 17:20:45,707] {dag.py:2371} INFO - Sync 1 DAGs
[2023-04-14 17:20:45,717] {logging_mixin.py:115} INFO - [2023-04-14 17:20:45,717] {dag.py:2919} INFO - Setting next_dagrun for af_foods to None, run_after=None
[2023-04-14 17:20:45,723] {processor.py:161} INFO - Processing /opt/airflow/dags/af_foods.py took 0.266 seconds
[2023-04-14 17:21:15,963] {processor.py:153} INFO - Started process (PID=375) to work on /opt/airflow/dags/af_foods.py
[2023-04-14 17:21:15,966] {processor.py:641} INFO - Processing file /opt/airflow/dags/af_foods.py for tasks to queue
[2023-04-14 17:21:15,968] {logging_mixin.py:115} INFO - [2023-04-14 17:21:15,968] {dagbag.py:507} INFO - Filling up the DagBag from /opt/airflow/dags/af_foods.py
[2023-04-14 17:21:16,307] {processor.py:651} INFO - DAG(s) dict_keys(['af_foods']) retrieved from /opt/airflow/dags/af_foods.py
[2023-04-14 17:21:16,339] {logging_mixin.py:115} INFO - [2023-04-14 17:21:16,339] {dag.py:2371} INFO - Sync 1 DAGs
[2023-04-14 17:21:16,349] {logging_mixin.py:115} INFO - [2023-04-14 17:21:16,349] {dag.py:2919} INFO - Setting next_dagrun for af_foods to None, run_after=None
[2023-04-14 17:21:16,355] {processor.py:161} INFO - Processing /opt/airflow/dags/af_foods.py took 0.401 seconds
[2023-04-14 17:21:46,637] {processor.py:153} INFO - Started process (PID=381) to work on /opt/airflow/dags/af_foods.py
[2023-04-14 17:21:46,639] {processor.py:641} INFO - Processing file /opt/airflow/dags/af_foods.py for tasks to queue
[2023-04-14 17:21:46,641] {logging_mixin.py:115} INFO - [2023-04-14 17:21:46,640] {dagbag.py:507} INFO - Filling up the DagBag from /opt/airflow/dags/af_foods.py
[2023-04-14 17:21:46,883] {processor.py:651} INFO - DAG(s) dict_keys(['af_foods']) retrieved from /opt/airflow/dags/af_foods.py
[2023-04-14 17:21:46,911] {logging_mixin.py:115} INFO - [2023-04-14 17:21:46,911] {dag.py:2371} INFO - Sync 1 DAGs
[2023-04-14 17:21:46,921] {logging_mixin.py:115} INFO - [2023-04-14 17:21:46,921] {dag.py:2919} INFO - Setting next_dagrun for af_foods to None, run_after=None
[2023-04-14 17:21:46,927] {processor.py:161} INFO - Processing /opt/airflow/dags/af_foods.py took 0.296 seconds
[2023-04-14 17:22:17,203] {processor.py:153} INFO - Started process (PID=387) to work on /opt/airflow/dags/af_foods.py
[2023-04-14 17:22:17,205] {processor.py:641} INFO - Processing file /opt/airflow/dags/af_foods.py for tasks to queue
[2023-04-14 17:22:17,206] {logging_mixin.py:115} INFO - [2023-04-14 17:22:17,206] {dagbag.py:507} INFO - Filling up the DagBag from /opt/airflow/dags/af_foods.py
[2023-04-14 17:22:17,413] {processor.py:651} INFO - DAG(s) dict_keys(['af_foods']) retrieved from /opt/airflow/dags/af_foods.py
[2023-04-14 17:22:17,441] {logging_mixin.py:115} INFO - [2023-04-14 17:22:17,441] {dag.py:2371} INFO - Sync 1 DAGs
[2023-04-14 17:22:17,450] {logging_mixin.py:115} INFO - [2023-04-14 17:22:17,450] {dag.py:2919} INFO - Setting next_dagrun for af_foods to None, run_after=None
[2023-04-14 17:22:17,456] {processor.py:161} INFO - Processing /opt/airflow/dags/af_foods.py took 0.260 seconds
[2023-04-14 17:22:47,731] {processor.py:153} INFO - Started process (PID=393) to work on /opt/airflow/dags/af_foods.py
[2023-04-14 17:22:47,733] {processor.py:641} INFO - Processing file /opt/airflow/dags/af_foods.py for tasks to queue
[2023-04-14 17:22:47,735] {logging_mixin.py:115} INFO - [2023-04-14 17:22:47,735] {dagbag.py:507} INFO - Filling up the DagBag from /opt/airflow/dags/af_foods.py
[2023-04-14 17:22:47,954] {processor.py:651} INFO - DAG(s) dict_keys(['af_foods']) retrieved from /opt/airflow/dags/af_foods.py
[2023-04-14 17:22:47,983] {logging_mixin.py:115} INFO - [2023-04-14 17:22:47,983] {dag.py:2371} INFO - Sync 1 DAGs
[2023-04-14 17:22:47,993] {logging_mixin.py:115} INFO - [2023-04-14 17:22:47,993] {dag.py:2919} INFO - Setting next_dagrun for af_foods to None, run_after=None
[2023-04-14 17:22:47,999] {processor.py:161} INFO - Processing /opt/airflow/dags/af_foods.py took 0.275 seconds
[2023-04-14 17:23:18,098] {processor.py:153} INFO - Started process (PID=399) to work on /opt/airflow/dags/af_foods.py
[2023-04-14 17:23:18,099] {processor.py:641} INFO - Processing file /opt/airflow/dags/af_foods.py for tasks to queue
[2023-04-14 17:23:18,100] {logging_mixin.py:115} INFO - [2023-04-14 17:23:18,100] {dagbag.py:507} INFO - Filling up the DagBag from /opt/airflow/dags/af_foods.py
[2023-04-14 17:23:18,308] {processor.py:651} INFO - DAG(s) dict_keys(['af_foods']) retrieved from /opt/airflow/dags/af_foods.py
[2023-04-14 17:23:18,336] {logging_mixin.py:115} INFO - [2023-04-14 17:23:18,336] {dag.py:2371} INFO - Sync 1 DAGs
[2023-04-14 17:23:18,346] {logging_mixin.py:115} INFO - [2023-04-14 17:23:18,346] {dag.py:2919} INFO - Setting next_dagrun for af_foods to None, run_after=None
[2023-04-14 17:23:18,352] {processor.py:161} INFO - Processing /opt/airflow/dags/af_foods.py took 0.257 seconds
[2023-04-14 17:23:48,777] {processor.py:153} INFO - Started process (PID=405) to work on /opt/airflow/dags/af_foods.py
[2023-04-14 17:23:48,778] {processor.py:641} INFO - Processing file /opt/airflow/dags/af_foods.py for tasks to queue
[2023-04-14 17:23:48,780] {logging_mixin.py:115} INFO - [2023-04-14 17:23:48,780] {dagbag.py:507} INFO - Filling up the DagBag from /opt/airflow/dags/af_foods.py
[2023-04-14 17:23:49,151] {processor.py:651} INFO - DAG(s) dict_keys(['af_foods']) retrieved from /opt/airflow/dags/af_foods.py
[2023-04-14 17:23:49,191] {logging_mixin.py:115} INFO - [2023-04-14 17:23:49,191] {dag.py:2371} INFO - Sync 1 DAGs
[2023-04-14 17:23:49,202] {logging_mixin.py:115} INFO - [2023-04-14 17:23:49,202] {dag.py:2919} INFO - Setting next_dagrun for af_foods to None, run_after=None
[2023-04-14 17:23:49,209] {processor.py:161} INFO - Processing /opt/airflow/dags/af_foods.py took 0.441 seconds
[2023-04-14 17:29:36,770] {processor.py:153} INFO - Started process (PID=411) to work on /opt/airflow/dags/af_foods.py
[2023-04-14 17:29:36,771] {processor.py:641} INFO - Processing file /opt/airflow/dags/af_foods.py for tasks to queue
[2023-04-14 17:29:36,772] {logging_mixin.py:115} INFO - [2023-04-14 17:29:36,772] {dagbag.py:507} INFO - Filling up the DagBag from /opt/airflow/dags/af_foods.py
[2023-04-14 17:29:37,016] {processor.py:651} INFO - DAG(s) dict_keys(['af_foods']) retrieved from /opt/airflow/dags/af_foods.py
[2023-04-14 17:29:37,083] {logging_mixin.py:115} INFO - [2023-04-14 17:29:37,083] {dag.py:2371} INFO - Sync 1 DAGs
[2023-04-14 17:29:37,101] {logging_mixin.py:115} INFO - [2023-04-14 17:29:37,101] {dag.py:2919} INFO - Setting next_dagrun for af_foods to None, run_after=None
[2023-04-14 17:29:37,112] {processor.py:161} INFO - Processing /opt/airflow/dags/af_foods.py took 0.345 seconds
[2023-04-14 17:30:07,350] {processor.py:153} INFO - Started process (PID=419) to work on /opt/airflow/dags/af_foods.py
[2023-04-14 17:30:07,353] {processor.py:641} INFO - Processing file /opt/airflow/dags/af_foods.py for tasks to queue
[2023-04-14 17:30:07,354] {logging_mixin.py:115} INFO - [2023-04-14 17:30:07,354] {dagbag.py:507} INFO - Filling up the DagBag from /opt/airflow/dags/af_foods.py
[2023-04-14 17:30:07,699] {processor.py:651} INFO - DAG(s) dict_keys(['af_foods']) retrieved from /opt/airflow/dags/af_foods.py
[2023-04-14 17:30:07,732] {logging_mixin.py:115} INFO - [2023-04-14 17:30:07,732] {dag.py:2371} INFO - Sync 1 DAGs
[2023-04-14 17:30:07,742] {logging_mixin.py:115} INFO - [2023-04-14 17:30:07,742] {dag.py:2919} INFO - Setting next_dagrun for af_foods to None, run_after=None
[2023-04-14 17:30:07,748] {processor.py:161} INFO - Processing /opt/airflow/dags/af_foods.py took 0.406 seconds
[2023-04-14 17:30:37,940] {processor.py:153} INFO - Started process (PID=425) to work on /opt/airflow/dags/af_foods.py
[2023-04-14 17:30:37,943] {processor.py:641} INFO - Processing file /opt/airflow/dags/af_foods.py for tasks to queue
[2023-04-14 17:30:37,944] {logging_mixin.py:115} INFO - [2023-04-14 17:30:37,944] {dagbag.py:507} INFO - Filling up the DagBag from /opt/airflow/dags/af_foods.py
[2023-04-14 17:30:38,150] {processor.py:651} INFO - DAG(s) dict_keys(['af_foods']) retrieved from /opt/airflow/dags/af_foods.py
[2023-04-14 17:30:38,177] {logging_mixin.py:115} INFO - [2023-04-14 17:30:38,177] {dag.py:2371} INFO - Sync 1 DAGs
[2023-04-14 17:30:38,187] {logging_mixin.py:115} INFO - [2023-04-14 17:30:38,187] {dag.py:2919} INFO - Setting next_dagrun for af_foods to None, run_after=None
[2023-04-14 17:30:38,193] {processor.py:161} INFO - Processing /opt/airflow/dags/af_foods.py took 0.258 seconds
[2023-04-14 17:31:08,375] {processor.py:153} INFO - Started process (PID=431) to work on /opt/airflow/dags/af_foods.py
[2023-04-14 17:31:08,378] {processor.py:641} INFO - Processing file /opt/airflow/dags/af_foods.py for tasks to queue
[2023-04-14 17:31:08,380] {logging_mixin.py:115} INFO - [2023-04-14 17:31:08,380] {dagbag.py:507} INFO - Filling up the DagBag from /opt/airflow/dags/af_foods.py
[2023-04-14 17:31:08,602] {processor.py:651} INFO - DAG(s) dict_keys(['af_foods']) retrieved from /opt/airflow/dags/af_foods.py
[2023-04-14 17:31:08,631] {logging_mixin.py:115} INFO - [2023-04-14 17:31:08,630] {dag.py:2371} INFO - Sync 1 DAGs
[2023-04-14 17:31:08,641] {logging_mixin.py:115} INFO - [2023-04-14 17:31:08,641] {dag.py:2919} INFO - Setting next_dagrun for af_foods to None, run_after=None
[2023-04-14 17:31:08,648] {processor.py:161} INFO - Processing /opt/airflow/dags/af_foods.py took 0.279 seconds
[2023-04-14 17:31:38,826] {processor.py:153} INFO - Started process (PID=437) to work on /opt/airflow/dags/af_foods.py
[2023-04-14 17:31:38,828] {processor.py:641} INFO - Processing file /opt/airflow/dags/af_foods.py for tasks to queue
[2023-04-14 17:31:38,829] {logging_mixin.py:115} INFO - [2023-04-14 17:31:38,829] {dagbag.py:507} INFO - Filling up the DagBag from /opt/airflow/dags/af_foods.py
[2023-04-14 17:31:39,130] {processor.py:651} INFO - DAG(s) dict_keys(['af_foods']) retrieved from /opt/airflow/dags/af_foods.py
[2023-04-14 17:31:39,169] {logging_mixin.py:115} INFO - [2023-04-14 17:31:39,169] {dag.py:2371} INFO - Sync 1 DAGs
[2023-04-14 17:31:39,181] {logging_mixin.py:115} INFO - [2023-04-14 17:31:39,181] {dag.py:2919} INFO - Setting next_dagrun for af_foods to None, run_after=None
[2023-04-14 17:31:39,188] {processor.py:161} INFO - Processing /opt/airflow/dags/af_foods.py took 0.368 seconds
[2023-04-14 17:32:09,357] {processor.py:153} INFO - Started process (PID=443) to work on /opt/airflow/dags/af_foods.py
[2023-04-14 17:32:09,359] {processor.py:641} INFO - Processing file /opt/airflow/dags/af_foods.py for tasks to queue
[2023-04-14 17:32:09,360] {logging_mixin.py:115} INFO - [2023-04-14 17:32:09,360] {dagbag.py:507} INFO - Filling up the DagBag from /opt/airflow/dags/af_foods.py
[2023-04-14 17:32:09,592] {processor.py:651} INFO - DAG(s) dict_keys(['af_foods']) retrieved from /opt/airflow/dags/af_foods.py
[2023-04-14 17:32:09,623] {logging_mixin.py:115} INFO - [2023-04-14 17:32:09,623] {dag.py:2371} INFO - Sync 1 DAGs
[2023-04-14 17:32:09,632] {logging_mixin.py:115} INFO - [2023-04-14 17:32:09,632] {dag.py:2919} INFO - Setting next_dagrun for af_foods to None, run_after=None
[2023-04-14 17:32:09,639] {processor.py:161} INFO - Processing /opt/airflow/dags/af_foods.py took 0.286 seconds
[2023-04-14 17:32:39,808] {processor.py:153} INFO - Started process (PID=449) to work on /opt/airflow/dags/af_foods.py
[2023-04-14 17:32:39,811] {processor.py:641} INFO - Processing file /opt/airflow/dags/af_foods.py for tasks to queue
[2023-04-14 17:32:39,812] {logging_mixin.py:115} INFO - [2023-04-14 17:32:39,812] {dagbag.py:507} INFO - Filling up the DagBag from /opt/airflow/dags/af_foods.py
[2023-04-14 17:32:40,077] {processor.py:651} INFO - DAG(s) dict_keys(['af_foods']) retrieved from /opt/airflow/dags/af_foods.py
[2023-04-14 17:32:40,115] {logging_mixin.py:115} INFO - [2023-04-14 17:32:40,115] {dag.py:2371} INFO - Sync 1 DAGs
[2023-04-14 17:32:40,127] {logging_mixin.py:115} INFO - [2023-04-14 17:32:40,127] {dag.py:2919} INFO - Setting next_dagrun for af_foods to None, run_after=None
[2023-04-14 17:32:40,134] {processor.py:161} INFO - Processing /opt/airflow/dags/af_foods.py took 0.331 seconds
[2023-04-14 17:33:10,296] {processor.py:153} INFO - Started process (PID=455) to work on /opt/airflow/dags/af_foods.py
[2023-04-14 17:33:10,298] {processor.py:641} INFO - Processing file /opt/airflow/dags/af_foods.py for tasks to queue
[2023-04-14 17:33:10,299] {logging_mixin.py:115} INFO - [2023-04-14 17:33:10,299] {dagbag.py:507} INFO - Filling up the DagBag from /opt/airflow/dags/af_foods.py
[2023-04-14 17:33:10,518] {processor.py:651} INFO - DAG(s) dict_keys(['af_foods']) retrieved from /opt/airflow/dags/af_foods.py
[2023-04-14 17:33:10,555] {logging_mixin.py:115} INFO - [2023-04-14 17:33:10,554] {dag.py:2371} INFO - Sync 1 DAGs
[2023-04-14 17:33:10,566] {logging_mixin.py:115} INFO - [2023-04-14 17:33:10,566] {dag.py:2919} INFO - Setting next_dagrun for af_foods to None, run_after=None
[2023-04-14 17:33:10,573] {processor.py:161} INFO - Processing /opt/airflow/dags/af_foods.py took 0.280 seconds
[2023-04-14 17:33:40,739] {processor.py:153} INFO - Started process (PID=461) to work on /opt/airflow/dags/af_foods.py
[2023-04-14 17:33:40,740] {processor.py:641} INFO - Processing file /opt/airflow/dags/af_foods.py for tasks to queue
[2023-04-14 17:33:40,741] {logging_mixin.py:115} INFO - [2023-04-14 17:33:40,741] {dagbag.py:507} INFO - Filling up the DagBag from /opt/airflow/dags/af_foods.py
[2023-04-14 17:33:40,935] {processor.py:651} INFO - DAG(s) dict_keys(['af_foods']) retrieved from /opt/airflow/dags/af_foods.py
[2023-04-14 17:33:40,968] {logging_mixin.py:115} INFO - [2023-04-14 17:33:40,968] {dag.py:2371} INFO - Sync 1 DAGs
[2023-04-14 17:33:40,977] {logging_mixin.py:115} INFO - [2023-04-14 17:33:40,977] {dag.py:2919} INFO - Setting next_dagrun for af_foods to None, run_after=None
[2023-04-14 17:33:40,983] {processor.py:161} INFO - Processing /opt/airflow/dags/af_foods.py took 0.246 seconds
[2023-04-14 17:34:11,157] {processor.py:153} INFO - Started process (PID=467) to work on /opt/airflow/dags/af_foods.py
[2023-04-14 17:34:11,159] {processor.py:641} INFO - Processing file /opt/airflow/dags/af_foods.py for tasks to queue
[2023-04-14 17:34:11,160] {logging_mixin.py:115} INFO - [2023-04-14 17:34:11,160] {dagbag.py:507} INFO - Filling up the DagBag from /opt/airflow/dags/af_foods.py
[2023-04-14 17:34:11,370] {logging_mixin.py:115} INFO - [2023-04-14 17:34:11,366] {dagbag.py:320} ERROR - Failed to import: /opt/airflow/dags/af_foods.py
Traceback (most recent call last):
  File "/home/airflow/.local/lib/python3.7/site-packages/airflow/models/dagbag.py", line 317, in parse
    loader.exec_module(new_module)
  File "<frozen importlib._bootstrap_external>", line 728, in exec_module
  File "<frozen importlib._bootstrap>", line 219, in _call_with_frames_removed
  File "/opt/airflow/dags/af_foods.py", line 60, in <module>
    processed_data = etl.transform(data)
  File "/opt/airflow/dags/transform/etl.py", line 94, in transform
    foods = tranform_foods_list(data)
  File "/opt/airflow/dags/transform/etl.py", line 62, in tranform_foods_list
    return np.concatenate(foods_).tolist()
  File "<__array_function__ internals>", line 6, in concatenate
TypeError: dispatcher for __array_function__ did not return an iterable
[2023-04-14 17:34:11,371] {processor.py:653} WARNING - No viable dags retrieved from /opt/airflow/dags/af_foods.py
[2023-04-14 17:34:11,384] {processor.py:161} INFO - Processing /opt/airflow/dags/af_foods.py took 0.232 seconds
[2023-04-14 17:34:36,281] {processor.py:153} INFO - Started process (PID=473) to work on /opt/airflow/dags/af_foods.py
[2023-04-14 17:34:36,284] {processor.py:641} INFO - Processing file /opt/airflow/dags/af_foods.py for tasks to queue
[2023-04-14 17:34:36,285] {logging_mixin.py:115} INFO - [2023-04-14 17:34:36,285] {dagbag.py:507} INFO - Filling up the DagBag from /opt/airflow/dags/af_foods.py
[2023-04-14 17:34:36,503] {logging_mixin.py:115} INFO - [2023-04-14 17:34:36,501] {dagbag.py:320} ERROR - Failed to import: /opt/airflow/dags/af_foods.py
Traceback (most recent call last):
  File "/home/airflow/.local/lib/python3.7/site-packages/airflow/models/dagbag.py", line 317, in parse
    loader.exec_module(new_module)
  File "<frozen importlib._bootstrap_external>", line 728, in exec_module
  File "<frozen importlib._bootstrap>", line 219, in _call_with_frames_removed
  File "/opt/airflow/dags/af_foods.py", line 60, in <module>
    processed_data = etl.transform(data)
  File "/opt/airflow/dags/transform/etl.py", line 94, in transform
    foods = tranform_foods_list(data)
  File "/opt/airflow/dags/transform/etl.py", line 62, in tranform_foods_list
    return np.concatenate(foods_).tolist()
  File "<__array_function__ internals>", line 6, in concatenate
TypeError: dispatcher for __array_function__ did not return an iterable
[2023-04-14 17:34:36,503] {processor.py:653} WARNING - No viable dags retrieved from /opt/airflow/dags/af_foods.py
[2023-04-14 17:34:36,515] {processor.py:161} INFO - Processing /opt/airflow/dags/af_foods.py took 0.240 seconds
[2023-04-14 17:34:41,643] {processor.py:153} INFO - Started process (PID=479) to work on /opt/airflow/dags/af_foods.py
[2023-04-14 17:34:41,644] {processor.py:641} INFO - Processing file /opt/airflow/dags/af_foods.py for tasks to queue
[2023-04-14 17:34:41,645] {logging_mixin.py:115} INFO - [2023-04-14 17:34:41,645] {dagbag.py:507} INFO - Filling up the DagBag from /opt/airflow/dags/af_foods.py
[2023-04-14 17:34:41,858] {processor.py:651} INFO - DAG(s) dict_keys(['af_foods']) retrieved from /opt/airflow/dags/af_foods.py
[2023-04-14 17:34:41,886] {logging_mixin.py:115} INFO - [2023-04-14 17:34:41,886] {dag.py:2371} INFO - Sync 1 DAGs
[2023-04-14 17:34:41,895] {logging_mixin.py:115} INFO - [2023-04-14 17:34:41,895] {dag.py:2919} INFO - Setting next_dagrun for af_foods to None, run_after=None
[2023-04-14 17:34:41,904] {processor.py:161} INFO - Processing /opt/airflow/dags/af_foods.py took 0.266 seconds
[2023-04-14 17:41:41,215] {processor.py:153} INFO - Started process (PID=183) to work on /opt/airflow/dags/af_foods.py
[2023-04-14 17:41:41,216] {processor.py:641} INFO - Processing file /opt/airflow/dags/af_foods.py for tasks to queue
[2023-04-14 17:41:41,217] {logging_mixin.py:115} INFO - [2023-04-14 17:41:41,217] {dagbag.py:507} INFO - Filling up the DagBag from /opt/airflow/dags/af_foods.py
[2023-04-14 17:41:41,435] {processor.py:651} INFO - DAG(s) dict_keys(['af_foods']) retrieved from /opt/airflow/dags/af_foods.py
[2023-04-14 17:41:41,474] {logging_mixin.py:115} INFO - [2023-04-14 17:41:41,474] {manager.py:508} INFO - Created Permission View: can delete on DAG:af_foods
[2023-04-14 17:41:41,479] {logging_mixin.py:115} INFO - [2023-04-14 17:41:41,479] {manager.py:508} INFO - Created Permission View: can edit on DAG:af_foods
[2023-04-14 17:41:41,483] {logging_mixin.py:115} INFO - [2023-04-14 17:41:41,483] {manager.py:508} INFO - Created Permission View: can read on DAG:af_foods
[2023-04-14 17:41:41,483] {logging_mixin.py:115} INFO - [2023-04-14 17:41:41,483] {dag.py:2371} INFO - Sync 1 DAGs
[2023-04-14 17:41:41,487] {logging_mixin.py:115} INFO - [2023-04-14 17:41:41,487] {dag.py:2390} INFO - Creating ORM DAG for af_foods
[2023-04-14 17:41:41,493] {logging_mixin.py:115} INFO - [2023-04-14 17:41:41,493] {dag.py:2919} INFO - Setting next_dagrun for af_foods to None, run_after=None
[2023-04-14 17:41:41,499] {processor.py:161} INFO - Processing /opt/airflow/dags/af_foods.py took 0.286 seconds
[2023-04-14 17:42:11,692] {processor.py:153} INFO - Started process (PID=189) to work on /opt/airflow/dags/af_foods.py
[2023-04-14 17:42:11,694] {processor.py:641} INFO - Processing file /opt/airflow/dags/af_foods.py for tasks to queue
[2023-04-14 17:42:11,695] {logging_mixin.py:115} INFO - [2023-04-14 17:42:11,695] {dagbag.py:507} INFO - Filling up the DagBag from /opt/airflow/dags/af_foods.py
[2023-04-14 17:42:12,027] {processor.py:651} INFO - DAG(s) dict_keys(['af_foods']) retrieved from /opt/airflow/dags/af_foods.py
[2023-04-14 17:42:12,058] {logging_mixin.py:115} INFO - [2023-04-14 17:42:12,058] {dag.py:2371} INFO - Sync 1 DAGs
[2023-04-14 17:42:12,068] {logging_mixin.py:115} INFO - [2023-04-14 17:42:12,068] {dag.py:2919} INFO - Setting next_dagrun for af_foods to None, run_after=None
[2023-04-14 17:42:12,075] {processor.py:161} INFO - Processing /opt/airflow/dags/af_foods.py took 0.387 seconds
[2023-04-14 17:42:42,260] {processor.py:153} INFO - Started process (PID=198) to work on /opt/airflow/dags/af_foods.py
[2023-04-14 17:42:42,261] {processor.py:641} INFO - Processing file /opt/airflow/dags/af_foods.py for tasks to queue
[2023-04-14 17:42:42,262] {logging_mixin.py:115} INFO - [2023-04-14 17:42:42,262] {dagbag.py:507} INFO - Filling up the DagBag from /opt/airflow/dags/af_foods.py
[2023-04-14 17:42:42,559] {processor.py:651} INFO - DAG(s) dict_keys(['af_foods']) retrieved from /opt/airflow/dags/af_foods.py
[2023-04-14 17:42:42,574] {logging_mixin.py:115} INFO - [2023-04-14 17:42:42,574] {dag.py:2371} INFO - Sync 1 DAGs
[2023-04-14 17:42:42,585] {logging_mixin.py:115} INFO - [2023-04-14 17:42:42,585] {dag.py:2919} INFO - Setting next_dagrun for af_foods to None, run_after=None
[2023-04-14 17:42:42,590] {processor.py:161} INFO - Processing /opt/airflow/dags/af_foods.py took 0.332 seconds
[2023-04-14 17:43:12,763] {processor.py:153} INFO - Started process (PID=207) to work on /opt/airflow/dags/af_foods.py
[2023-04-14 17:43:12,765] {processor.py:641} INFO - Processing file /opt/airflow/dags/af_foods.py for tasks to queue
[2023-04-14 17:43:12,766] {logging_mixin.py:115} INFO - [2023-04-14 17:43:12,766] {dagbag.py:507} INFO - Filling up the DagBag from /opt/airflow/dags/af_foods.py
[2023-04-14 17:43:13,466] {processor.py:651} INFO - DAG(s) dict_keys(['af_foods']) retrieved from /opt/airflow/dags/af_foods.py
[2023-04-14 17:43:13,482] {logging_mixin.py:115} INFO - [2023-04-14 17:43:13,482] {dag.py:2371} INFO - Sync 1 DAGs
[2023-04-14 17:43:13,496] {logging_mixin.py:115} INFO - [2023-04-14 17:43:13,495] {dag.py:2919} INFO - Setting next_dagrun for af_foods to None, run_after=None
[2023-04-14 17:43:13,518] {processor.py:161} INFO - Processing /opt/airflow/dags/af_foods.py took 0.761 seconds
[2023-04-14 17:43:43,788] {processor.py:153} INFO - Started process (PID=213) to work on /opt/airflow/dags/af_foods.py
[2023-04-14 17:43:43,790] {processor.py:641} INFO - Processing file /opt/airflow/dags/af_foods.py for tasks to queue
[2023-04-14 17:43:43,795] {logging_mixin.py:115} INFO - [2023-04-14 17:43:43,795] {dagbag.py:507} INFO - Filling up the DagBag from /opt/airflow/dags/af_foods.py
[2023-04-14 17:43:44,619] {processor.py:651} INFO - DAG(s) dict_keys(['af_foods']) retrieved from /opt/airflow/dags/af_foods.py
[2023-04-14 17:43:44,657] {logging_mixin.py:115} INFO - [2023-04-14 17:43:44,657] {dag.py:2371} INFO - Sync 1 DAGs
[2023-04-14 17:43:44,667] {logging_mixin.py:115} INFO - [2023-04-14 17:43:44,667] {dag.py:2919} INFO - Setting next_dagrun for af_foods to None, run_after=None
[2023-04-14 17:43:44,673] {processor.py:161} INFO - Processing /opt/airflow/dags/af_foods.py took 0.907 seconds
[2023-04-14 17:44:14,889] {processor.py:153} INFO - Started process (PID=219) to work on /opt/airflow/dags/af_foods.py
[2023-04-14 17:44:14,891] {processor.py:641} INFO - Processing file /opt/airflow/dags/af_foods.py for tasks to queue
[2023-04-14 17:44:14,892] {logging_mixin.py:115} INFO - [2023-04-14 17:44:14,892] {dagbag.py:507} INFO - Filling up the DagBag from /opt/airflow/dags/af_foods.py
[2023-04-14 17:44:15,123] {processor.py:651} INFO - DAG(s) dict_keys(['af_foods']) retrieved from /opt/airflow/dags/af_foods.py
[2023-04-14 17:44:15,154] {logging_mixin.py:115} INFO - [2023-04-14 17:44:15,154] {dag.py:2371} INFO - Sync 1 DAGs
[2023-04-14 17:44:15,164] {logging_mixin.py:115} INFO - [2023-04-14 17:44:15,164] {dag.py:2919} INFO - Setting next_dagrun for af_foods to None, run_after=None
[2023-04-14 17:44:15,170] {processor.py:161} INFO - Processing /opt/airflow/dags/af_foods.py took 0.287 seconds
[2023-04-14 17:44:45,346] {processor.py:153} INFO - Started process (PID=225) to work on /opt/airflow/dags/af_foods.py
[2023-04-14 17:44:45,347] {processor.py:641} INFO - Processing file /opt/airflow/dags/af_foods.py for tasks to queue
[2023-04-14 17:44:45,348] {logging_mixin.py:115} INFO - [2023-04-14 17:44:45,348] {dagbag.py:507} INFO - Filling up the DagBag from /opt/airflow/dags/af_foods.py
[2023-04-14 17:44:45,558] {processor.py:651} INFO - DAG(s) dict_keys(['af_foods']) retrieved from /opt/airflow/dags/af_foods.py
[2023-04-14 17:44:45,590] {logging_mixin.py:115} INFO - [2023-04-14 17:44:45,590] {dag.py:2371} INFO - Sync 1 DAGs
[2023-04-14 17:44:45,601] {logging_mixin.py:115} INFO - [2023-04-14 17:44:45,601] {dag.py:2919} INFO - Setting next_dagrun for af_foods to None, run_after=None
[2023-04-14 17:44:45,607] {processor.py:161} INFO - Processing /opt/airflow/dags/af_foods.py took 0.264 seconds
[2023-04-14 17:45:15,792] {processor.py:153} INFO - Started process (PID=231) to work on /opt/airflow/dags/af_foods.py
[2023-04-14 17:45:15,793] {processor.py:641} INFO - Processing file /opt/airflow/dags/af_foods.py for tasks to queue
[2023-04-14 17:45:15,794] {logging_mixin.py:115} INFO - [2023-04-14 17:45:15,794] {dagbag.py:507} INFO - Filling up the DagBag from /opt/airflow/dags/af_foods.py
[2023-04-14 17:45:15,998] {processor.py:651} INFO - DAG(s) dict_keys(['af_foods']) retrieved from /opt/airflow/dags/af_foods.py
[2023-04-14 17:45:16,011] {logging_mixin.py:115} INFO - [2023-04-14 17:45:16,011] {dag.py:2371} INFO - Sync 1 DAGs
[2023-04-14 17:45:16,021] {logging_mixin.py:115} INFO - [2023-04-14 17:45:16,021] {dag.py:2919} INFO - Setting next_dagrun for af_foods to None, run_after=None
[2023-04-14 17:45:16,026] {processor.py:161} INFO - Processing /opt/airflow/dags/af_foods.py took 0.237 seconds
[2023-04-14 17:45:46,220] {processor.py:153} INFO - Started process (PID=237) to work on /opt/airflow/dags/af_foods.py
[2023-04-14 17:45:46,221] {processor.py:641} INFO - Processing file /opt/airflow/dags/af_foods.py for tasks to queue
[2023-04-14 17:45:46,222] {logging_mixin.py:115} INFO - [2023-04-14 17:45:46,222] {dagbag.py:507} INFO - Filling up the DagBag from /opt/airflow/dags/af_foods.py
[2023-04-14 17:45:46,418] {processor.py:651} INFO - DAG(s) dict_keys(['af_foods']) retrieved from /opt/airflow/dags/af_foods.py
[2023-04-14 17:45:46,447] {logging_mixin.py:115} INFO - [2023-04-14 17:45:46,447] {dag.py:2371} INFO - Sync 1 DAGs
[2023-04-14 17:45:46,457] {logging_mixin.py:115} INFO - [2023-04-14 17:45:46,457] {dag.py:2919} INFO - Setting next_dagrun for af_foods to None, run_after=None
[2023-04-14 17:45:46,463] {processor.py:161} INFO - Processing /opt/airflow/dags/af_foods.py took 0.246 seconds
[2023-04-14 17:46:16,650] {processor.py:153} INFO - Started process (PID=243) to work on /opt/airflow/dags/af_foods.py
[2023-04-14 17:46:16,652] {processor.py:641} INFO - Processing file /opt/airflow/dags/af_foods.py for tasks to queue
[2023-04-14 17:46:16,653] {logging_mixin.py:115} INFO - [2023-04-14 17:46:16,653] {dagbag.py:507} INFO - Filling up the DagBag from /opt/airflow/dags/af_foods.py
[2023-04-14 17:46:16,874] {processor.py:651} INFO - DAG(s) dict_keys(['af_foods']) retrieved from /opt/airflow/dags/af_foods.py
[2023-04-14 17:46:16,904] {logging_mixin.py:115} INFO - [2023-04-14 17:46:16,904] {dag.py:2371} INFO - Sync 1 DAGs
[2023-04-14 17:46:16,914] {logging_mixin.py:115} INFO - [2023-04-14 17:46:16,914] {dag.py:2919} INFO - Setting next_dagrun for af_foods to None, run_after=None
[2023-04-14 17:46:16,921] {processor.py:161} INFO - Processing /opt/airflow/dags/af_foods.py took 0.276 seconds
[2023-04-14 17:46:47,140] {processor.py:153} INFO - Started process (PID=249) to work on /opt/airflow/dags/af_foods.py
[2023-04-14 17:46:47,141] {processor.py:641} INFO - Processing file /opt/airflow/dags/af_foods.py for tasks to queue
[2023-04-14 17:46:47,142] {logging_mixin.py:115} INFO - [2023-04-14 17:46:47,142] {dagbag.py:507} INFO - Filling up the DagBag from /opt/airflow/dags/af_foods.py
[2023-04-14 17:46:47,362] {processor.py:651} INFO - DAG(s) dict_keys(['af_foods']) retrieved from /opt/airflow/dags/af_foods.py
[2023-04-14 17:46:47,390] {logging_mixin.py:115} INFO - [2023-04-14 17:46:47,390] {dag.py:2371} INFO - Sync 1 DAGs
[2023-04-14 17:46:47,400] {logging_mixin.py:115} INFO - [2023-04-14 17:46:47,400] {dag.py:2919} INFO - Setting next_dagrun for af_foods to None, run_after=None
[2023-04-14 17:46:47,405] {processor.py:161} INFO - Processing /opt/airflow/dags/af_foods.py took 0.272 seconds
[2023-04-14 17:47:17,612] {processor.py:153} INFO - Started process (PID=255) to work on /opt/airflow/dags/af_foods.py
[2023-04-14 17:47:17,613] {processor.py:641} INFO - Processing file /opt/airflow/dags/af_foods.py for tasks to queue
[2023-04-14 17:47:17,615] {logging_mixin.py:115} INFO - [2023-04-14 17:47:17,615] {dagbag.py:507} INFO - Filling up the DagBag from /opt/airflow/dags/af_foods.py
[2023-04-14 17:47:17,828] {processor.py:651} INFO - DAG(s) dict_keys(['af_foods']) retrieved from /opt/airflow/dags/af_foods.py
[2023-04-14 17:47:17,862] {logging_mixin.py:115} INFO - [2023-04-14 17:47:17,862] {dag.py:2371} INFO - Sync 1 DAGs
[2023-04-14 17:47:17,873] {logging_mixin.py:115} INFO - [2023-04-14 17:47:17,873] {dag.py:2919} INFO - Setting next_dagrun for af_foods to None, run_after=None
[2023-04-14 17:47:17,882] {processor.py:161} INFO - Processing /opt/airflow/dags/af_foods.py took 0.276 seconds
[2023-04-14 17:47:48,088] {processor.py:153} INFO - Started process (PID=261) to work on /opt/airflow/dags/af_foods.py
[2023-04-14 17:47:48,089] {processor.py:641} INFO - Processing file /opt/airflow/dags/af_foods.py for tasks to queue
[2023-04-14 17:47:48,091] {logging_mixin.py:115} INFO - [2023-04-14 17:47:48,091] {dagbag.py:507} INFO - Filling up the DagBag from /opt/airflow/dags/af_foods.py
[2023-04-14 17:47:48,304] {processor.py:651} INFO - DAG(s) dict_keys(['af_foods']) retrieved from /opt/airflow/dags/af_foods.py
[2023-04-14 17:47:48,334] {logging_mixin.py:115} INFO - [2023-04-14 17:47:48,333] {dag.py:2371} INFO - Sync 1 DAGs
[2023-04-14 17:47:48,343] {logging_mixin.py:115} INFO - [2023-04-14 17:47:48,343] {dag.py:2919} INFO - Setting next_dagrun for af_foods to None, run_after=None
[2023-04-14 17:47:48,349] {processor.py:161} INFO - Processing /opt/airflow/dags/af_foods.py took 0.268 seconds
[2023-04-14 17:48:18,560] {processor.py:153} INFO - Started process (PID=267) to work on /opt/airflow/dags/af_foods.py
[2023-04-14 17:48:18,561] {processor.py:641} INFO - Processing file /opt/airflow/dags/af_foods.py for tasks to queue
[2023-04-14 17:48:18,562] {logging_mixin.py:115} INFO - [2023-04-14 17:48:18,562] {dagbag.py:507} INFO - Filling up the DagBag from /opt/airflow/dags/af_foods.py
[2023-04-14 17:48:18,782] {processor.py:651} INFO - DAG(s) dict_keys(['af_foods']) retrieved from /opt/airflow/dags/af_foods.py
[2023-04-14 17:48:18,810] {logging_mixin.py:115} INFO - [2023-04-14 17:48:18,810] {dag.py:2371} INFO - Sync 1 DAGs
[2023-04-14 17:48:18,820] {logging_mixin.py:115} INFO - [2023-04-14 17:48:18,820] {dag.py:2919} INFO - Setting next_dagrun for af_foods to None, run_after=None
[2023-04-14 17:48:18,826] {processor.py:161} INFO - Processing /opt/airflow/dags/af_foods.py took 0.273 seconds
[2023-04-14 17:48:49,053] {processor.py:153} INFO - Started process (PID=273) to work on /opt/airflow/dags/af_foods.py
[2023-04-14 17:48:49,054] {processor.py:641} INFO - Processing file /opt/airflow/dags/af_foods.py for tasks to queue
[2023-04-14 17:48:49,055] {logging_mixin.py:115} INFO - [2023-04-14 17:48:49,055] {dagbag.py:507} INFO - Filling up the DagBag from /opt/airflow/dags/af_foods.py
[2023-04-14 17:48:49,266] {processor.py:651} INFO - DAG(s) dict_keys(['af_foods']) retrieved from /opt/airflow/dags/af_foods.py
[2023-04-14 17:48:49,295] {logging_mixin.py:115} INFO - [2023-04-14 17:48:49,295] {dag.py:2371} INFO - Sync 1 DAGs
[2023-04-14 17:48:49,305] {logging_mixin.py:115} INFO - [2023-04-14 17:48:49,305] {dag.py:2919} INFO - Setting next_dagrun for af_foods to None, run_after=None
[2023-04-14 17:48:49,310] {processor.py:161} INFO - Processing /opt/airflow/dags/af_foods.py took 0.264 seconds
[2023-04-14 17:49:19,507] {processor.py:153} INFO - Started process (PID=279) to work on /opt/airflow/dags/af_foods.py
[2023-04-14 17:49:19,509] {processor.py:641} INFO - Processing file /opt/airflow/dags/af_foods.py for tasks to queue
[2023-04-14 17:49:19,510] {logging_mixin.py:115} INFO - [2023-04-14 17:49:19,510] {dagbag.py:507} INFO - Filling up the DagBag from /opt/airflow/dags/af_foods.py
[2023-04-14 17:49:19,722] {processor.py:651} INFO - DAG(s) dict_keys(['af_foods']) retrieved from /opt/airflow/dags/af_foods.py
[2023-04-14 17:49:19,751] {logging_mixin.py:115} INFO - [2023-04-14 17:49:19,751] {dag.py:2371} INFO - Sync 1 DAGs
[2023-04-14 17:49:19,761] {logging_mixin.py:115} INFO - [2023-04-14 17:49:19,761] {dag.py:2919} INFO - Setting next_dagrun for af_foods to None, run_after=None
[2023-04-14 17:49:19,767] {processor.py:161} INFO - Processing /opt/airflow/dags/af_foods.py took 0.266 seconds
[2023-04-14 17:49:49,989] {processor.py:153} INFO - Started process (PID=285) to work on /opt/airflow/dags/af_foods.py
[2023-04-14 17:49:49,991] {processor.py:641} INFO - Processing file /opt/airflow/dags/af_foods.py for tasks to queue
[2023-04-14 17:49:49,992] {logging_mixin.py:115} INFO - [2023-04-14 17:49:49,992] {dagbag.py:507} INFO - Filling up the DagBag from /opt/airflow/dags/af_foods.py
[2023-04-14 17:49:50,205] {processor.py:651} INFO - DAG(s) dict_keys(['af_foods']) retrieved from /opt/airflow/dags/af_foods.py
[2023-04-14 17:49:50,233] {logging_mixin.py:115} INFO - [2023-04-14 17:49:50,233] {dag.py:2371} INFO - Sync 1 DAGs
[2023-04-14 17:49:50,242] {logging_mixin.py:115} INFO - [2023-04-14 17:49:50,242] {dag.py:2919} INFO - Setting next_dagrun for af_foods to None, run_after=None
[2023-04-14 17:49:50,248] {processor.py:161} INFO - Processing /opt/airflow/dags/af_foods.py took 0.265 seconds
[2023-04-14 17:50:20,467] {processor.py:153} INFO - Started process (PID=291) to work on /opt/airflow/dags/af_foods.py
[2023-04-14 17:50:20,468] {processor.py:641} INFO - Processing file /opt/airflow/dags/af_foods.py for tasks to queue
[2023-04-14 17:50:20,470] {logging_mixin.py:115} INFO - [2023-04-14 17:50:20,470] {dagbag.py:507} INFO - Filling up the DagBag from /opt/airflow/dags/af_foods.py
[2023-04-14 17:50:20,685] {processor.py:651} INFO - DAG(s) dict_keys(['af_foods']) retrieved from /opt/airflow/dags/af_foods.py
[2023-04-14 17:50:20,698] {logging_mixin.py:115} INFO - [2023-04-14 17:50:20,698] {dag.py:2371} INFO - Sync 1 DAGs
[2023-04-14 17:50:20,707] {logging_mixin.py:115} INFO - [2023-04-14 17:50:20,707] {dag.py:2919} INFO - Setting next_dagrun for af_foods to None, run_after=None
[2023-04-14 17:50:20,712] {processor.py:161} INFO - Processing /opt/airflow/dags/af_foods.py took 0.251 seconds
[2023-04-14 17:50:50,905] {processor.py:153} INFO - Started process (PID=297) to work on /opt/airflow/dags/af_foods.py
[2023-04-14 17:50:50,908] {processor.py:641} INFO - Processing file /opt/airflow/dags/af_foods.py for tasks to queue
[2023-04-14 17:50:50,909] {logging_mixin.py:115} INFO - [2023-04-14 17:50:50,909] {dagbag.py:507} INFO - Filling up the DagBag from /opt/airflow/dags/af_foods.py
[2023-04-14 17:50:51,127] {processor.py:651} INFO - DAG(s) dict_keys(['af_foods']) retrieved from /opt/airflow/dags/af_foods.py
[2023-04-14 17:50:51,156] {logging_mixin.py:115} INFO - [2023-04-14 17:50:51,155] {dag.py:2371} INFO - Sync 1 DAGs
[2023-04-14 17:50:51,165] {logging_mixin.py:115} INFO - [2023-04-14 17:50:51,165] {dag.py:2919} INFO - Setting next_dagrun for af_foods to None, run_after=None
[2023-04-14 17:50:51,171] {processor.py:161} INFO - Processing /opt/airflow/dags/af_foods.py took 0.272 seconds
[2023-04-14 17:51:21,344] {processor.py:153} INFO - Started process (PID=303) to work on /opt/airflow/dags/af_foods.py
[2023-04-14 17:51:21,346] {processor.py:641} INFO - Processing file /opt/airflow/dags/af_foods.py for tasks to queue
[2023-04-14 17:51:21,348] {logging_mixin.py:115} INFO - [2023-04-14 17:51:21,348] {dagbag.py:507} INFO - Filling up the DagBag from /opt/airflow/dags/af_foods.py
[2023-04-14 17:51:21,560] {processor.py:651} INFO - DAG(s) dict_keys(['af_foods']) retrieved from /opt/airflow/dags/af_foods.py
[2023-04-14 17:51:21,588] {logging_mixin.py:115} INFO - [2023-04-14 17:51:21,588] {dag.py:2371} INFO - Sync 1 DAGs
[2023-04-14 17:51:21,598] {logging_mixin.py:115} INFO - [2023-04-14 17:51:21,598] {dag.py:2919} INFO - Setting next_dagrun for af_foods to None, run_after=None
[2023-04-14 17:51:21,604] {processor.py:161} INFO - Processing /opt/airflow/dags/af_foods.py took 0.266 seconds
[2023-04-14 17:51:51,890] {processor.py:153} INFO - Started process (PID=309) to work on /opt/airflow/dags/af_foods.py
[2023-04-14 17:51:51,892] {processor.py:641} INFO - Processing file /opt/airflow/dags/af_foods.py for tasks to queue
[2023-04-14 17:51:51,894] {logging_mixin.py:115} INFO - [2023-04-14 17:51:51,894] {dagbag.py:507} INFO - Filling up the DagBag from /opt/airflow/dags/af_foods.py
[2023-04-14 17:51:52,206] {processor.py:651} INFO - DAG(s) dict_keys(['af_foods']) retrieved from /opt/airflow/dags/af_foods.py
[2023-04-14 17:51:52,251] {logging_mixin.py:115} INFO - [2023-04-14 17:51:52,251] {dag.py:2371} INFO - Sync 1 DAGs
[2023-04-14 17:51:52,265] {logging_mixin.py:115} INFO - [2023-04-14 17:51:52,265] {dag.py:2919} INFO - Setting next_dagrun for af_foods to None, run_after=None
[2023-04-14 17:51:52,275] {processor.py:161} INFO - Processing /opt/airflow/dags/af_foods.py took 0.390 seconds
[2023-04-14 17:54:05,453] {processor.py:153} INFO - Started process (PID=315) to work on /opt/airflow/dags/af_foods.py
[2023-04-14 17:54:05,457] {processor.py:641} INFO - Processing file /opt/airflow/dags/af_foods.py for tasks to queue
[2023-04-14 17:54:05,461] {logging_mixin.py:115} INFO - [2023-04-14 17:54:05,461] {dagbag.py:507} INFO - Filling up the DagBag from /opt/airflow/dags/af_foods.py
[2023-04-14 17:54:06,164] {processor.py:651} INFO - DAG(s) dict_keys(['af_foods']) retrieved from /opt/airflow/dags/af_foods.py
[2023-04-14 17:54:06,224] {logging_mixin.py:115} INFO - [2023-04-14 17:54:06,223] {dag.py:2371} INFO - Sync 1 DAGs
[2023-04-14 17:54:06,257] {logging_mixin.py:115} INFO - [2023-04-14 17:54:06,257] {dag.py:2919} INFO - Setting next_dagrun for af_foods to None, run_after=None
[2023-04-14 17:54:06,278] {processor.py:161} INFO - Processing /opt/airflow/dags/af_foods.py took 0.839 seconds
