[2023-04-14 16:37:34,386] {taskinstance.py:1159} INFO - Dependencies all met for <TaskInstance: af_foods.f_extract manual__2023-04-14T16:37:33.625627+00:00 [queued]>
[2023-04-14 16:37:34,393] {taskinstance.py:1159} INFO - Dependencies all met for <TaskInstance: af_foods.f_extract manual__2023-04-14T16:37:33.625627+00:00 [queued]>
[2023-04-14 16:37:34,394] {taskinstance.py:1356} INFO - 
--------------------------------------------------------------------------------
[2023-04-14 16:37:34,395] {taskinstance.py:1357} INFO - Starting attempt 1 of 2
[2023-04-14 16:37:34,395] {taskinstance.py:1358} INFO - 
--------------------------------------------------------------------------------
[2023-04-14 16:37:34,403] {taskinstance.py:1377} INFO - Executing <Task(PythonOperator): f_extract> on 2023-04-14 16:37:33.625627+00:00
[2023-04-14 16:37:34,406] {standard_task_runner.py:52} INFO - Started process 245 to run task
[2023-04-14 16:37:34,410] {standard_task_runner.py:79} INFO - Running: ['***', 'tasks', 'run', 'af_foods', 'f_extract', 'manual__2023-04-14T16:37:33.625627+00:00', '--job-id', '3', '--raw', '--subdir', 'DAGS_FOLDER/af_foods.py', '--cfg-path', '/tmp/tmp4621bror', '--error-file', '/tmp/tmpn3_tq1oc']
[2023-04-14 16:37:34,410] {standard_task_runner.py:80} INFO - Job 3: Subtask f_extract
[2023-04-14 16:37:34,453] {task_command.py:369} INFO - Running <TaskInstance: af_foods.f_extract manual__2023-04-14T16:37:33.625627+00:00 [running]> on host df495108f1a7
[2023-04-14 16:37:34,497] {taskinstance.py:1571} INFO - Exporting the following env vars:
AIRFLOW_CTX_DAG_OWNER=me
AIRFLOW_CTX_DAG_ID=af_foods
AIRFLOW_CTX_TASK_ID=f_extract
AIRFLOW_CTX_EXECUTION_DATE=2023-04-14T16:37:33.625627+00:00
AIRFLOW_CTX_TRY_NUMBER=1
AIRFLOW_CTX_DAG_RUN_ID=manual__2023-04-14T16:37:33.625627+00:00
[2023-04-14 16:37:58,827] {python.py:173} INFO - Done. Returned value was: None
[2023-04-14 16:37:58,853] {taskinstance.py:1400} INFO - Marking task as SUCCESS. dag_id=af_foods, task_id=f_extract, execution_date=20230414T163733, start_date=20230414T163734, end_date=20230414T163758
[2023-04-14 16:37:58,908] {local_task_job.py:156} INFO - Task exited with return code 0
[2023-04-14 16:37:58,938] {local_task_job.py:273} INFO - 1 downstream tasks scheduled from follow-on schedule check
